09:16:37 INFO: Run date: 2014-08-19 12:16:37
09:16:37 INFO: Download start: 2014-05-18 12:00:00
09:16:37 INFO: Download stop: 2014-06-07 12:00:00
09:16:37 INFO: Bounding box: -87.40, 24.25,-74.70, 36.70
09:16:44 INFO: CSW version: 2.0.2
09:16:44 INFO: Number of datasets available: 72
09:16:44 INFO: CSW: USF FVCOM - Nowcast Aggregation
09:16:44 INFO: CSW: ROMS/TOMS 3.0 - New Floria Shelf Application
09:16:44 INFO: CSW: ROMS/TOMS 3.0 - South-Atlantic Bight and Gulf of Mexico
09:16:44 INFO: CSW: USEAST
09:16:44 INFO: CSW: Water Column Backscatter Collection for EX1403: East Coast Mapping and Exploration
09:16:44 INFO: CSW: Subbottom Profiler Collection for EX1403: East Coast
							Mapping and Exploration
09:16:44 INFO: CSW: COAWST Forecast System : USGS : US East Coast and Gulf of Mexico (Experimental)
09:16:44 INFO: CSW: EASTCOAST-2D-NAM/Forecast Model Run Collection (2D time coordinates)
09:16:44 INFO: CSW: EASTCOAST-3D-NAM/Forecast Model Run Collection (2D time coordinates)
09:16:44 INFO: CSW: Water Column Backscatter Collection for EX1402L3: Gulf of Mexico Mapping and ROV Exploration
09:16:44 INFO: CSW: Singlebeam Collection for EX1402L3: Gulf of Mexico Mapping and ROV Exploration
09:16:44 INFO: CSW: Singlebeam Collection for EX1403: East Coast Mapping and Exploration
09:16:44 INFO: CSW: Subbottom Profiler Collection for EX1402L3: Gulf of Mexico Mapping and ROV Exploration
09:16:44 INFO: CSW: Directional wave and sea surface temperature measurements collected in situ by Datawell Mark 3 directional buoy located near MONTEREY CANYON OUTER, CA from 2013/07/11 17:00:00 to 2014/07/01 20:59:59.
09:16:44 INFO: CSW: Directional wave and sea surface temperature measurements collected in situ by Datawell Mark 3 directional buoy located near MONTEREY BAY WEST, CA from 2013/06/19 18:00:00 to 2014/07/01 14:59:59.
09:16:44 INFO: CSW: Directional wave and sea surface temperature measurements collected in situ by Datawell Mark 3 directional buoy located near SAN FRANCISCO BAR, CA from 2013/06/19 22:00:00 to 2014/07/24 14:59:59.
09:16:44 INFO: CSW: Directional wave and sea surface temperature measurements collected in situ by Datawell Mark 3 directional buoy located near CAPE MENDOCINO, CA from 2013/04/03 20:00:00 to 2014/05/15 06:59:59.
09:16:44 INFO: CSW: Directional wave and sea surface temperature measurements collected in situ by Datawell Mark 3 directional buoy located near HUMBOLDT BAY NORTH SPIT, CA from 2013/08/26 19:00:00 to 2014/07/24 03:59:59.
09:16:44 INFO: CSW: SOUTHWEST-2D-NAM/Forecast Model Run Collection (2D time coordinates)
09:16:44 INFO: CSW: SOUTHWEST-3D-NAM/Forecast Model Run Collection (2D time coordinates)
09:16:44 INFO: CSW: Directional wave and sea surface temperature measurements collected in situ by Datawell Waverider buoys located near SAN FRANCISCO BAR, CA from 2007/07/25 to 2014/07/24.
09:16:44 INFO: CSW: Directional wave and sea surface temperature measurements collected in situ by Datawell Mark 3 directional buoy located near SANTA CRUZ BASIN, CA from 2013/07/09 15:00:00 to 2014/07/14 16:59:59.
09:16:44 INFO: CSW: Directional wave and sea surface temperature measurements collected in situ by Datawell Mark 3 directional buoy located near CAMP PENDLETON NEARSHORE, CA from 2014/04/24 22:00:00 to 2014/06/06 16:59:59.
09:16:44 INFO: CSW: Directional wave and sea surface temperature measurements collected in situ by Datawell Mark 3 directional buoy located near SAN NICOLAS ISLAND, CA from 2013/04/19 17:00:00 to 2014/06/08 21:59:59.
09:16:44 INFO: CSW: Directional wave and sea surface temperature measurements collected in situ by Datawell Mark 3 directional buoy located near TORREY PINES OUTER, CA from 2014/06/10 21:00:00 to 2014/06/12 15:59:59.
09:16:44 INFO: CSW: Directional wave and sea surface temperature measurements collected in situ by Datawell Mark 3 directional buoy located near MISSION BAY OFFSHORE, CA from 2014/04/28 21:00:00 to 2014/06/24 09:59:59.
09:16:44 INFO: CSW: SOUTHEAST-2D-NAM/Forecast Model Run Collection (2D time coordinates)
09:16:44 INFO: CSW: SOUTHEAST-3D-NAM/Forecast Model Run Collection (2D time coordinates)
09:16:44 INFO: CSW: NORTHERNGULF-2D-NAM/Forecast Model Run Collection (2D time coordinates)
09:16:44 INFO: CSW: NORTHERNGULF-3D-NAM/Forecast Model Run Collection (2D time coordinates)
09:16:44 INFO: CSW: Directional wave and sea surface temperature measurements collected in situ by Datawell Waverider buoys located near TORREY PINES OUTER, CA from 2001/01/30 to 2014/06/06.
09:16:44 INFO: CSW: ROMS ESPRESSO Real-Time Operational IS4DVAR Forecast System Version 2 (NEW) 2013-present FMRC History (Best)
09:16:44 INFO: CSW: Barotropic Tide Model for the Pacific Basin
09:16:44 INFO: CSW: Directional wave and sea surface temperature measurements collected in situ by Datawell Waverider buoys located near SAN NICOLAS ISLAND, CA from 1991/09/10 to 2014/06/08.
09:16:44 INFO: CSW: NDBC Standard Meteorological Buoy Data
09:16:44 INFO: CSW: HYbrid Coordinate Ocean Model (HYCOM): Global
09:16:44 INFO: CSW: Directional wave and sea surface temperature measurements collected in situ by Datawell Waverider buoys located near CAPE MENDOCINO, CA from 1999/03/21 to 2014/05/15.
09:16:44 INFO: CSW: Aquarius Level 3 Wind Speed Standard Mapped Image Monthly Data V3.0
09:16:44 INFO: CSW: Aquarius Level 3 Wind Speed Standard Mapped Image Weely Data V3.0
09:16:44 INFO: CSW: Aquarius Level 3 Sea Surface Salinity Standard Mapped Image Daily Data V3.0
09:16:44 INFO: CSW: Aquarius Level 3 Sea Surface Salinity Standard Mapped Image Monthly Data V3.0
09:16:44 INFO: CSW: Aquarius Level 3 Sea Surface Salinity Standard Mapped Image Weekly Data V3.0
09:16:44 INFO: CSW: Aquarius Level 3 Wind Speed Standard Mapped Image Daily Data V3.0
09:16:44 INFO: CSW: ESTOFS Storm Surge Model - Atlantic - v1.0.0 - NOAA - NCEP - ADCIRC
09:16:44 INFO: CSW: Directional wave and sea surface temperature measurements collected in situ by Datawell Waverider buoys located near CAPE CANAVERAL NEARSHORE, FL from 2006/09/07 to 2014/05/15.
09:16:44 INFO: CSW: fldep.bingslanding.
09:16:44 INFO: CSW: fldep.binneydock.
09:16:44 INFO: CSW: fldep.gordonriverinlet.
09:16:44 INFO: CSW: fldep.melbourne.
09:16:44 INFO: CSW: fldep.naplesbay.
09:16:44 INFO: CSW: fldep.poncedeleonsouth.
09:16:44 INFO: CSW: fldep.stlucieinlet.
09:16:44 INFO: CSW: fldep.tolomatoriver.
09:16:44 INFO: CSW: fldep.verobeach.
09:16:44 INFO: CSW: usf.apk.ngwlms
09:16:44 INFO: CSW: usf.bcp.ngwlms
09:16:44 INFO: CSW: usf.fhp.ngwlms
09:16:44 INFO: CSW: usf.shp.ngwlms
09:16:44 INFO: CSW: usf.tas.ngwlms
09:16:44 INFO: CSW: carocoops.sun2.buoy
09:16:44 INFO: CSW: fau.lobo.1
09:16:44 INFO: CSW: lbhmc.2ndave.pier
09:16:44 INFO: CSW: lbhmc.apachepier.pier
09:16:44 INFO: CSW: lbhmc.cherrygrove.pier
09:16:44 INFO: CSW: sccf.fortmyers.wq
09:16:44 INFO: CSW: sccf.gulfofmexico.wq
09:16:44 INFO: CSW: sccf.redfishpass.wq
09:16:44 INFO: CSW: sccf.shellpoint.wq
09:16:44 INFO: CSW: sccf.tarponbay.wq
09:16:44 INFO: CSW: Directional wave and sea surface temperature measurements collected in situ by Datawell Waverider buoys located near NEW RIVER INLET, NC from 2012/04/14 to 2014/07/09.
09:16:44 INFO: CSW: Directional wave and sea surface temperature measurements collected in situ by Datawell Mark 3 directional buoy located near NEW RIVER INLET, NC from 2014/03/09 19:00:00 to 2014/07/09 23:59:59.
09:16:44 INFO: CSW: Directional wave and sea surface temperature measurements collected in situ by Datawell Mark 3 directional buoy located near CAPE CANAVERAL NEARSHORE, FL from 2014/04/25 16:00:00 to 2014/05/15 21:59:59.
09:16:44 INFO: DAP: http://crow.marine.usf.edu:8080/thredds/dodsC/FVCOM-Nowcast-Agg.nc.html
09:16:44 INFO: DAP: http://crow.marine.usf.edu:8080/thredds/dodsC/WFS_ROMS_NF_model/USF_Ocean_Circulation_Group_West_Florida_Shelf_Daily_ROMS_Nowcast_Forecast_Model_Data_best.ncd.html
09:16:44 INFO: DAP: http://omgsrv1.meas.ncsu.edu:8080/thredds/dodsC/fmrc/sabgom/SABGOM_Forecast_Model_Run_Collection_best.ncd.html
09:16:44 INFO: DAP: http://omgsrv1.meas.ncsu.edu:8080/thredds/dodsC/fmrc/us_east/US_East_Forecast_Model_Run_Collection_best.ncd.html
09:16:44 INFO: DAP: http://geoport.whoi.edu/thredds/dodsC/coawst_4/use/fmrc/coawst_4_use_best.ncd.html
09:16:44 INFO: DAP: http://thredds.coastal.ufl.edu:8080/thredds/dodsC/CH3D-SSMS/EastCoast/2D/NAM-FC/EASTCOAST-2D-NAM_fmrc.ncd.html
09:16:44 INFO: DAP: http://thredds.coastal.ufl.edu:8080/thredds/dodsC/CH3D-SSMS/EastCoast/3D/NAM-FC/EASTCOAST-3D-NAM_fmrc.ncd.html
09:16:44 INFO: DAP: http://thredds.cdip.ucsd.edu/thredds/dodsC/cdip/archive/156p1/156p1_d07.nc.html
09:16:44 INFO: DAP: http://thredds.cdip.ucsd.edu/thredds/dodsC/cdip/archive/185p1/185p1_d02.nc.html
09:16:44 INFO: DAP: http://thredds.cdip.ucsd.edu/thredds/dodsC/cdip/archive/142p1/142p1_d14.nc.html
09:16:44 INFO: DAP: http://thredds.cdip.ucsd.edu/thredds/dodsC/cdip/archive/094p1/094p1_d12.nc.html
09:16:44 INFO: DAP: http://thredds.cdip.ucsd.edu/thredds/dodsC/cdip/archive/168p1/168p1_d05.nc.html
09:16:44 INFO: DAP: http://thredds.coastal.ufl.edu:8080/thredds/dodsC/CH3D-SSMS/Southwest/2D/NAM-FC/SOUTHWEST-2D-NAM_fmrc.ncd.html
09:16:44 INFO: DAP: http://thredds.coastal.ufl.edu:8080/thredds/dodsC/CH3D-SSMS/Southwest/3D/NAM-FC/SOUTHWEST-3D-NAM_fmrc.ncd.html
09:16:44 INFO: DAP: http://thredds.cdip.ucsd.edu/thredds/dodsC/cdip/archive/142p1/142p1_historic.nc.html
09:16:44 INFO: DAP: http://thredds.cdip.ucsd.edu/thredds/dodsC/cdip/archive/203p1/203p1_d01.nc.html
09:16:44 INFO: DAP: http://thredds.cdip.ucsd.edu/thredds/dodsC/cdip/archive/043p1/043p1_d16.nc.html
09:16:44 INFO: DAP: http://thredds.cdip.ucsd.edu/thredds/dodsC/cdip/archive/067p1/067p1_d22.nc.html
09:16:44 INFO: DAP: http://thredds.cdip.ucsd.edu/thredds/dodsC/cdip/archive/100p1/100p1_d13.nc.html
09:16:44 INFO: DAP: http://thredds.cdip.ucsd.edu/thredds/dodsC/cdip/archive/093p1/093p1_d40.nc.html
09:16:44 INFO: DAP: http://thredds.coastal.ufl.edu:8080/thredds/dodsC/CH3D-SSMS/Southeast/2D/NAM-FC/SOUTHEAST-2D-NAM_fmrc.ncd.html
09:16:44 INFO: DAP: http://thredds.coastal.ufl.edu:8080/thredds/dodsC/CH3D-SSMS/Southeast/3D/NAM-FC/SOUTHEAST-3D-NAM_fmrc.ncd.html
09:16:44 INFO: DAP: http://thredds.coastal.ufl.edu:8080/thredds/dodsC/CH3D-SSMS/NorthernGulf/2D/NAM-FC/NORTHERNGULF-2D-NAM_fmrc.ncd.html
09:16:44 INFO: DAP: http://thredds.coastal.ufl.edu:8080/thredds/dodsC/CH3D-SSMS/NorthernGulf/3D/NAM-FC/NORTHERNGULF-3D-NAM_fmrc.ncd.html
09:16:44 INFO: DAP: http://thredds.cdip.ucsd.edu/thredds/dodsC/cdip/archive/100p1/100p1_historic.nc.html
09:16:44 INFO: DAP: http://tds.marine.rutgers.edu/thredds/dodsC/roms/espresso/2013_da/his_Best/ESPRESSO_Real-Time_v2_History_Best_Available_best.ncd.html
09:16:44 INFO: DAP: http://oos.soest.hawaii.edu/thredds/dodsC/hioos/tide_pac.html
09:16:44 INFO: DAP: http://thredds.cdip.ucsd.edu/thredds/dodsC/cdip/archive/067p1/067p1_historic.nc.html
09:16:44 INFO: DAP: http://oos.soest.hawaii.edu/thredds/dodsC/pacioos/hycom/global.html
09:16:44 INFO: DAP: http://thredds.cdip.ucsd.edu/thredds/dodsC/cdip/archive/094p1/094p1_historic.nc.html
09:16:44 INFO: DAP: http://thredds.axiomalaska.com/thredds/dodsC/Aquarius_V3_scat_wind_speed_Monthly.nc.html
09:16:44 INFO: DAP: http://thredds.axiomalaska.com/thredds/dodsC/Aquarius_V3_scat_wind_speed_Weekly.nc.html
09:16:44 INFO: DAP: http://thredds.axiomalaska.com/thredds/dodsC/Aquarius_V3_SSS_Daily.nc.html
09:16:44 INFO: DAP: http://thredds.axiomalaska.com/thredds/dodsC/Aquarius_V3_SSS_Monthly.nc.html
09:16:44 INFO: DAP: http://thredds.axiomalaska.com/thredds/dodsC/Aquarius_V3_SSS_Weekly.nc.html
09:16:44 INFO: DAP: http://thredds.axiomalaska.com/thredds/dodsC/Aquarius_V3_scat_wind_speed_Daily.nc.html
09:16:44 INFO: DAP: http://geoport-dev.whoi.edu/thredds/dodsC/estofs/atlantic.html
09:16:44 INFO: DAP: http://thredds.cdip.ucsd.edu/thredds/dodsC/cdip/archive/143p1/143p1_historic.nc.html
09:16:44 INFO: DAP: http://tds.secoora.org/thredds/dodsC/fldep.bingslanding..nc.html
09:16:44 INFO: DAP: http://tds.secoora.org/thredds/dodsC/fldep.binneydock..nc.html
09:16:44 INFO: DAP: http://tds.secoora.org/thredds/dodsC/fldep.gordonriverinlet..nc.html
09:16:44 INFO: DAP: http://tds.secoora.org/thredds/dodsC/fldep.melbourne..nc.html
09:16:44 INFO: DAP: http://tds.secoora.org/thredds/dodsC/fldep.naplesbay..nc.html
09:16:44 INFO: DAP: http://tds.secoora.org/thredds/dodsC/fldep.poncedeleonsouth..nc.html
09:16:44 INFO: DAP: http://tds.secoora.org/thredds/dodsC/fldep.stlucieinlet..nc.html
09:16:44 INFO: DAP: http://tds.secoora.org/thredds/dodsC/fldep.tolomatoriver..nc.html
09:16:44 INFO: DAP: http://tds.secoora.org/thredds/dodsC/fldep.verobeach..nc.html
09:16:44 INFO: DAP: http://tds.secoora.org/thredds/dodsC/usf.apk.ngwlms.nc.html
09:16:44 INFO: DAP: http://tds.secoora.org/thredds/dodsC/usf.bcp.ngwlms.nc.html
09:16:44 INFO: DAP: http://tds.secoora.org/thredds/dodsC/usf.fhp.ngwlms.nc.html
09:16:44 INFO: DAP: http://tds.secoora.org/thredds/dodsC/usf.shp.ngwlms.nc.html
09:16:44 INFO: DAP: http://tds.secoora.org/thredds/dodsC/usf.tas.ngwlms.nc.html
09:16:44 INFO: DAP: http://tds.secoora.org/thredds/dodsC/carocoops.sun2.buoy.nc.html
09:16:44 INFO: DAP: http://tds.secoora.org/thredds/dodsC/fau.lobo.1.nc.html
09:16:44 INFO: DAP: http://tds.secoora.org/thredds/dodsC/lbhmc.2ndave.pier.nc.html
09:16:44 INFO: DAP: http://tds.secoora.org/thredds/dodsC/lbhmc.apachepier.pier.nc.html
09:16:44 INFO: DAP: http://tds.secoora.org/thredds/dodsC/lbhmc.cherrygrove.pier.nc.html
09:16:44 INFO: DAP: http://tds.secoora.org/thredds/dodsC/sccf.fortmyers.wq.nc.html
09:16:44 INFO: DAP: http://tds.secoora.org/thredds/dodsC/sccf.gulfofmexico.wq.nc.html
09:16:44 INFO: DAP: http://tds.secoora.org/thredds/dodsC/sccf.redfishpass.wq.nc.html
09:16:44 INFO: DAP: http://tds.secoora.org/thredds/dodsC/sccf.shellpoint.wq.nc.html
09:16:44 INFO: DAP: http://tds.secoora.org/thredds/dodsC/sccf.tarponbay.wq.nc.html
09:16:44 INFO: DAP: http://thredds.cdip.ucsd.edu/thredds/dodsC/cdip/archive/190p1/190p1_historic.nc.html
09:16:44 INFO: DAP: http://thredds.cdip.ucsd.edu/thredds/dodsC/cdip/archive/190p1/190p1_d02.nc.html
09:16:44 INFO: DAP: http://thredds.cdip.ucsd.edu/thredds/dodsC/cdip/archive/143p1/143p1_d10.nc.html
09:16:44 INFO: SOS: http://thredds.cdip.ucsd.edu/thredds/sos/cdip/archive/156p1/156p1_d07.nc?service=SOS&version=1.0.0&request=GetCapabilities
09:16:44 INFO: SOS: http://thredds.cdip.ucsd.edu/thredds/sos/cdip/archive/185p1/185p1_d02.nc?service=SOS&version=1.0.0&request=GetCapabilities
09:16:44 INFO: SOS: http://thredds.cdip.ucsd.edu/thredds/sos/cdip/archive/142p1/142p1_d14.nc?service=SOS&version=1.0.0&request=GetCapabilities
09:16:44 INFO: SOS: http://thredds.cdip.ucsd.edu/thredds/sos/cdip/archive/094p1/094p1_d12.nc?service=SOS&version=1.0.0&request=GetCapabilities
09:16:44 INFO: SOS: http://thredds.cdip.ucsd.edu/thredds/sos/cdip/archive/168p1/168p1_d05.nc?service=SOS&version=1.0.0&request=GetCapabilities
09:16:44 INFO: SOS: http://thredds.cdip.ucsd.edu/thredds/sos/cdip/archive/142p1/142p1_historic.nc?service=SOS&version=1.0.0&request=GetCapabilities
09:16:44 INFO: SOS: http://thredds.cdip.ucsd.edu/thredds/sos/cdip/archive/203p1/203p1_d01.nc?service=SOS&version=1.0.0&request=GetCapabilities
09:16:44 INFO: SOS: http://thredds.cdip.ucsd.edu/thredds/sos/cdip/archive/043p1/043p1_d16.nc?service=SOS&version=1.0.0&request=GetCapabilities
09:16:44 INFO: SOS: http://thredds.cdip.ucsd.edu/thredds/sos/cdip/archive/067p1/067p1_d22.nc?service=SOS&version=1.0.0&request=GetCapabilities
09:16:44 INFO: SOS: http://thredds.cdip.ucsd.edu/thredds/sos/cdip/archive/100p1/100p1_d13.nc?service=SOS&version=1.0.0&request=GetCapabilities
09:16:44 INFO: SOS: http://thredds.cdip.ucsd.edu/thredds/sos/cdip/archive/093p1/093p1_d40.nc?service=SOS&version=1.0.0&request=GetCapabilities
09:16:44 INFO: SOS: http://thredds.cdip.ucsd.edu/thredds/sos/cdip/archive/100p1/100p1_historic.nc?service=SOS&version=1.0.0&request=GetCapabilities
09:16:44 INFO: SOS: http://thredds.cdip.ucsd.edu/thredds/sos/cdip/archive/067p1/067p1_historic.nc?service=SOS&version=1.0.0&request=GetCapabilities
09:16:44 INFO: SOS: http://thredds.cdip.ucsd.edu/thredds/sos/cdip/archive/094p1/094p1_historic.nc?service=SOS&version=1.0.0&request=GetCapabilities
09:16:44 INFO: SOS: http://thredds.cdip.ucsd.edu/thredds/sos/cdip/archive/143p1/143p1_historic.nc?service=SOS&version=1.0.0&request=GetCapabilities
09:16:44 INFO: SOS: http://tds.secoora.org/thredds/sos/fldep.bingslanding..nc?service=SOS&version=1.0.0&request=GetCapabilities
09:16:44 INFO: SOS: http://tds.secoora.org/thredds/sos/fldep.binneydock..nc?service=SOS&version=1.0.0&request=GetCapabilities
09:16:44 INFO: SOS: http://tds.secoora.org/thredds/sos/fldep.gordonriverinlet..nc?service=SOS&version=1.0.0&request=GetCapabilities
09:16:44 INFO: SOS: http://tds.secoora.org/thredds/sos/fldep.melbourne..nc?service=SOS&version=1.0.0&request=GetCapabilities
09:16:44 INFO: SOS: http://tds.secoora.org/thredds/sos/fldep.naplesbay..nc?service=SOS&version=1.0.0&request=GetCapabilities
09:16:44 INFO: SOS: http://tds.secoora.org/thredds/sos/fldep.poncedeleonsouth..nc?service=SOS&version=1.0.0&request=GetCapabilities
09:16:44 INFO: SOS: http://tds.secoora.org/thredds/sos/fldep.stlucieinlet..nc?service=SOS&version=1.0.0&request=GetCapabilities
09:16:44 INFO: SOS: http://tds.secoora.org/thredds/sos/fldep.tolomatoriver..nc?service=SOS&version=1.0.0&request=GetCapabilities
09:16:44 INFO: SOS: http://tds.secoora.org/thredds/sos/fldep.verobeach..nc?service=SOS&version=1.0.0&request=GetCapabilities
09:16:44 INFO: SOS: http://tds.secoora.org/thredds/sos/usf.apk.ngwlms.nc?service=SOS&version=1.0.0&request=GetCapabilities
09:16:44 INFO: SOS: http://tds.secoora.org/thredds/sos/usf.bcp.ngwlms.nc?service=SOS&version=1.0.0&request=GetCapabilities
09:16:44 INFO: SOS: http://tds.secoora.org/thredds/sos/usf.fhp.ngwlms.nc?service=SOS&version=1.0.0&request=GetCapabilities
09:16:44 INFO: SOS: http://tds.secoora.org/thredds/sos/usf.shp.ngwlms.nc?service=SOS&version=1.0.0&request=GetCapabilities
09:16:44 INFO: SOS: http://tds.secoora.org/thredds/sos/usf.tas.ngwlms.nc?service=SOS&version=1.0.0&request=GetCapabilities
09:16:44 INFO: SOS: http://tds.secoora.org/thredds/sos/carocoops.sun2.buoy.nc?service=SOS&version=1.0.0&request=GetCapabilities
09:16:44 INFO: SOS: http://tds.secoora.org/thredds/sos/fau.lobo.1.nc?service=SOS&version=1.0.0&request=GetCapabilities
09:16:44 INFO: SOS: http://tds.secoora.org/thredds/sos/lbhmc.2ndave.pier.nc?service=SOS&version=1.0.0&request=GetCapabilities
09:16:44 INFO: SOS: http://tds.secoora.org/thredds/sos/lbhmc.apachepier.pier.nc?service=SOS&version=1.0.0&request=GetCapabilities
09:16:44 INFO: SOS: http://tds.secoora.org/thredds/sos/lbhmc.cherrygrove.pier.nc?service=SOS&version=1.0.0&request=GetCapabilities
09:16:44 INFO: SOS: http://tds.secoora.org/thredds/sos/sccf.fortmyers.wq.nc?service=SOS&version=1.0.0&request=GetCapabilities
09:16:44 INFO: SOS: http://tds.secoora.org/thredds/sos/sccf.gulfofmexico.wq.nc?service=SOS&version=1.0.0&request=GetCapabilities
09:16:44 INFO: SOS: http://tds.secoora.org/thredds/sos/sccf.redfishpass.wq.nc?service=SOS&version=1.0.0&request=GetCapabilities
09:16:44 INFO: SOS: http://tds.secoora.org/thredds/sos/sccf.shellpoint.wq.nc?service=SOS&version=1.0.0&request=GetCapabilities
09:16:44 INFO: SOS: http://tds.secoora.org/thredds/sos/sccf.tarponbay.wq.nc?service=SOS&version=1.0.0&request=GetCapabilities
09:16:44 INFO: SOS: http://thredds.cdip.ucsd.edu/thredds/sos/cdip/archive/190p1/190p1_historic.nc?service=SOS&version=1.0.0&request=GetCapabilities
09:16:44 INFO: SOS: http://thredds.cdip.ucsd.edu/thredds/sos/cdip/archive/190p1/190p1_d02.nc?service=SOS&version=1.0.0&request=GetCapabilities
09:16:44 INFO: SOS: http://thredds.cdip.ucsd.edu/thredds/sos/cdip/archive/143p1/143p1_d10.nc?service=SOS&version=1.0.0&request=GetCapabilities
09:16:49 INFO: NOAA.NOS.CO-OPS SOS: 1023 offerings
09:16:50 INFO: Starting new HTTP connection (1): opendap.co-ops.nos.noaa.gov
09:16:52 INFO: sos_request
09:17:04 INFO: Downloading observation to file 2014-06-07/2014-06-07-OBS_DATA.nc.
09:17:10 WARNING: [8654467] USCG Station Hatteras, NC:
'Wrong Datum for this station: The correct Datum values are: MHHW, MHW, MTL, MSL, MLW, MLLW, STND'
09:17:11 WARNING: [8656483] Beaufort, NC:
'Wrong Datum for this station: The correct Datum values are: MHHW, MHW, MTL, MSL, MLW, MLLW, STND'
09:17:12 WARNING: [8658120] Wilmington, NC:
'Wrong Datum for this station: The correct Datum values are: MHHW, MHW, MTL, MSL, MLW, MLLW, STND'
09:18:27 WARNING: [8726520] St Petersburg, FL:
'Wrong Datum for this station: The correct Datum values are: MHHW, MHW, MTL, MSL, MLW, MLLW, STND'
09:18:28 WARNING: [8726607] Old Port Tampa, FL:
'Wrong Datum for this station: The correct Datum values are: MHHW, MHW, MTL, MSL, MLW, MLLW, STND'
09:18:48 WARNING: [8729210] Panama City Beach, FL:
'Wrong Datum for this station: The correct Datum values are: MHHW, MHW, MTL, MSL, MLW, MLLW, STND'
09:18:57 WARNING: /home/filipe/miniconda/envs/ioos/lib/python2.7/site-packages/iris/fileformats/cf.py:1004: UserWarning: Ignoring variable u'lat' referenced by variable u'hc': Dimensions (u'node',) do not span (u'nele',)
  warnings.warn(msg)

09:18:57 WARNING: /home/filipe/miniconda/envs/ioos/lib/python2.7/site-packages/iris/fileformats/cf.py:1004: UserWarning: Ignoring variable u'lon' referenced by variable u'hc': Dimensions (u'node',) do not span (u'nele',)
  warnings.warn(msg)

09:18:57 WARNING: /home/filipe/miniconda/envs/ioos/lib/python2.7/site-packages/iris/fileformats/cf.py:1004: UserWarning: Ignoring variable u'siglay' referenced by variable u'u': Dimensions (u'siglay', u'node') do not span (u'time', u'siglay', u'nele')
  warnings.warn(msg)

09:18:57 WARNING: /home/filipe/miniconda/envs/ioos/lib/python2.7/site-packages/iris/fileformats/cf.py:1004: UserWarning: Ignoring variable u'siglay' referenced by variable u'v': Dimensions (u'siglay', u'node') do not span (u'time', u'siglay', u'nele')
  warnings.warn(msg)

09:18:57 WARNING: /home/filipe/miniconda/envs/ioos/lib/python2.7/site-packages/iris/fileformats/_pyke_rules/compiled_krb/fc_rules_cf_fc.py:1357: UserWarning: Failed to create 'time' dimension coordinate: The points array must be strictly monotonic.
Gracefully creating 'time' auxiliary coordinate instead.
  error=e_msg))

09:18:57 WARNING: /home/filipe/miniconda/envs/ioos/lib/python2.7/site-packages/iris/fileformats/_pyke_rules/compiled_krb/fc_rules_cf_fc.py:1195: UserWarning: Ignoring netCDF variable 'Itime2' invalid units 'msecs since 00:00:00'
  warnings.warn(msg.format(msg_name, msg_units))

09:18:57 WARNING: /home/filipe/miniconda/envs/ioos/lib/python2.7/site-packages/iris/fileformats/_pyke_rules/compiled_krb/fc_rules_cf_fc.py:1195: UserWarning: Ignoring netCDF variable 'salinity' invalid units 'psu'
  warnings.warn(msg.format(msg_name, msg_units))

09:18:57 WARNING: Cannot get cube for: http://crow.marine.usf.edu:8080/thredds/dodsC/FVCOM-Nowcast-Agg.nc
no cubes found
09:18:59 WARNING: /home/filipe/miniconda/envs/ioos/lib/python2.7/site-packages/iris/fileformats/cf.py:1038: UserWarning: Ignoring formula terms variable u'h' referenced by data variable u'v' via variable u's_rho': Dimensions (u'eta_rho', u'xi_rho') do not span (u'time', u's_rho', u'eta_v', u'xi_v')
  warnings.warn(msg)

09:18:59 WARNING: /home/filipe/miniconda/envs/ioos/lib/python2.7/site-packages/iris/fileformats/cf.py:1038: UserWarning: Ignoring formula terms variable u'zeta' referenced by data variable u'v' via variable u's_rho': Dimensions (u'time', u'eta_rho', u'xi_rho') do not span (u'time', u's_rho', u'eta_v', u'xi_v')
  warnings.warn(msg)

09:18:59 WARNING: /home/filipe/miniconda/envs/ioos/lib/python2.7/site-packages/iris/fileformats/cf.py:1038: UserWarning: Ignoring formula terms variable u'h' referenced by data variable u'u' via variable u's_rho': Dimensions (u'eta_rho', u'xi_rho') do not span (u'time', u's_rho', u'eta_u', u'xi_u')
  warnings.warn(msg)

09:18:59 WARNING: /home/filipe/miniconda/envs/ioos/lib/python2.7/site-packages/iris/fileformats/cf.py:1038: UserWarning: Ignoring formula terms variable u'zeta' referenced by data variable u'u' via variable u's_rho': Dimensions (u'time', u'eta_rho', u'xi_rho') do not span (u'time', u's_rho', u'eta_u', u'xi_u')
  warnings.warn(msg)

09:18:59 WARNING: /home/filipe/miniconda/envs/ioos/lib/python2.7/site-packages/iris/fileformats/_pyke_rules/compiled_krb/fc_rules_cf_fc.py:1290: UserWarning: Gracefully filling 'time' dimension coordinate masked points
  warnings.warn(msg.format(str(cf_coord_var.cf_name)))

09:18:59 WARNING: /home/filipe/miniconda/envs/ioos/lib/python2.7/site-packages/iris/fileformats/_pyke_rules/compiled_krb/fc_rules_cf_fc.py:1195: UserWarning: Ignoring netCDF variable 'Cs_r' invalid units 'nondimensional'
  warnings.warn(msg.format(msg_name, msg_units))

09:18:59 WARNING: /home/filipe/miniconda/envs/ioos/lib/python2.7/site-packages/iris/fileformats/_pyke_rules/compiled_krb/fc_rules_cf_fc.py:1195: UserWarning: Ignoring netCDF variable 's_rho' invalid units 'nondimensional'
  warnings.warn(msg.format(msg_name, msg_units))

09:18:59 WARNING: /home/filipe/miniconda/envs/ioos/lib/python2.7/site-packages/iris/fileformats/_pyke_rules/compiled_krb/fc_rules_cf_fc.py:1195: UserWarning: Ignoring netCDF variable 'Cs_w' invalid units 'nondimensional'
  warnings.warn(msg.format(msg_name, msg_units))

09:18:59 WARNING: /home/filipe/miniconda/envs/ioos/lib/python2.7/site-packages/iris/fileformats/_pyke_rules/compiled_krb/fc_rules_cf_fc.py:1195: UserWarning: Ignoring netCDF variable 's_w' invalid units 'nondimensional'
  warnings.warn(msg.format(msg_name, msg_units))

09:18:59 WARNING: /home/filipe/miniconda/envs/ioos/lib/python2.7/site-packages/iris/fileformats/_pyke_rules/compiled_krb/fc_rules_cf_fc.py:1195: UserWarning: Ignoring netCDF variable 'salt' invalid units 'PSU'
  warnings.warn(msg.format(msg_name, msg_units))

09:19:03 INFO: 
[USF] ROMS/TOMS 3.0 - New Floria Shelf Application:
http://crow.marine.usf.edu:8080/thredds/dodsC/WFS_ROMS_NF_model/USF_Ocean_Circulation_Group_West_Florida_Shelf_Daily_ROMS_Nowcast_Forecast_Model_Data_best.ncd

09:19:03 INFO: Downloading model series to file 2014-06-07/2014-06-07-USF.nc.
09:19:03 WARNING: No data found for (-75.7467,36.1833) using max_dist=0.04.
09:19:03 WARNING: No data found for (-75.5483,35.795) using max_dist=0.04.
09:19:03 WARNING: No data found for (-77.7867,34.2133) using max_dist=0.04.
09:19:03 WARNING: No data found for (-78.9183,33.655) using max_dist=0.04.
09:19:03 WARNING: No data found for (-79.1867,33.3517) using max_dist=0.04.
09:19:03 WARNING: No data found for (-79.925,32.7817) using max_dist=0.04.
09:19:03 WARNING: No data found for (-80.9017,32.0333) using max_dist=0.04.
09:19:03 WARNING: No data found for (-81.465,30.6717) using max_dist=0.04.
09:19:03 WARNING: No data found for (-81.43,30.3967) using max_dist=0.04.
09:19:03 WARNING: No data found for (-81.5583,30.3867) using max_dist=0.04.
09:19:03 WARNING: No data found for (-81.6583,30.32) using max_dist=0.04.
09:19:03 WARNING: No data found for (-81.6917,30.1917) using max_dist=0.04.
09:19:03 WARNING: No data found for (-81.5483,29.8017) using max_dist=0.04.
09:19:03 WARNING: No data found for (-80.5931,28.4158) using max_dist=0.04.
09:19:03 WARNING: No data found for (-80.0333,26.6117) using max_dist=0.04.
09:19:03 WARNING: No data found for (-80.1618,25.7314) using max_dist=0.04.
09:19:03 WARNING: No data found for (-81.105,24.7117) using max_dist=0.04.
09:19:03 WARNING: No data found for (-81.8079,24.5557) using max_dist=0.04.
09:19:05 INFO: [Found Water] Naples, FL
09:19:06 INFO: [Found Water] Fort Myers, FL
09:19:09 INFO: [Found Water] Port Manatee, FL
09:19:10 INFO: [Found Water] Clearwater Beach, FL
09:19:14 INFO: [Found Water] Cedar Key, FL
09:19:16 INFO: [Found Water] Apalachicola, FL
09:19:18 INFO: [Found Water] Panama City, FL
09:19:18 WARNING: No data found for (-87.2112,30.4044) using max_dist=0.04.
09:19:20 WARNING: /home/filipe/miniconda/envs/ioos/lib/python2.7/site-packages/iris/fileformats/_pyke_rules/compiled_krb/fc_rules_cf_fc.py:1195: UserWarning: Ignoring netCDF variable 'chlorophyll' invalid units 'milligrams_chlorophyll meter-3'
  warnings.warn(msg.format(msg_name, msg_units))

09:19:21 WARNING: /home/filipe/miniconda/envs/ioos/lib/python2.7/site-packages/iris/fileformats/_pyke_rules/compiled_krb/fc_rules_cf_fc.py:1195: UserWarning: Ignoring netCDF variable 'phytoplankton' invalid units 'millimole_nitrogen meter-3'
  warnings.warn(msg.format(msg_name, msg_units))

09:19:21 WARNING: /home/filipe/miniconda/envs/ioos/lib/python2.7/site-packages/iris/fileformats/_pyke_rules/compiled_krb/fc_rules_cf_fc.py:1195: UserWarning: Ignoring netCDF variable 'NO3' invalid units 'millimole_N03 meter-3'
  warnings.warn(msg.format(msg_name, msg_units))

09:19:21 WARNING: /home/filipe/miniconda/envs/ioos/lib/python2.7/site-packages/iris/fileformats/_pyke_rules/compiled_krb/fc_rules_cf_fc.py:1195: UserWarning: Ignoring netCDF variable 'zooplankton' invalid units 'millimole_nitrogen meter-3'
  warnings.warn(msg.format(msg_name, msg_units))

09:19:21 WARNING: /home/filipe/miniconda/envs/ioos/lib/python2.7/site-packages/iris/fileformats/_pyke_rules/compiled_krb/fc_rules_cf_fc.py:1195: UserWarning: Ignoring netCDF variable 'NH4' invalid units 'millimole_NH4 meter-3'
  warnings.warn(msg.format(msg_name, msg_units))

09:19:32 INFO: 
[SABGOM] ROMS/TOMS 3.0 - South-Atlantic Bight and Gulf of Mexico:
http://omgsrv1.meas.ncsu.edu:8080/thredds/dodsC/fmrc/sabgom/SABGOM_Forecast_Model_Run_Collection_best.ncd

09:19:32 INFO: Downloading model series to file 2014-06-07/2014-06-07-SABGOM.nc.
09:19:37 INFO: [Found Water] Duck, NC
09:19:39 INFO: [Found Land] Oregon Inlet Marina, NC
09:19:41 INFO: [Found Water] Wrightsville Beach, NC
09:19:43 INFO: [Found Water] Springmaid Pier, SC
09:19:44 INFO: [Found Land] Oyster Landing (N Inlet Estuary), SC
09:19:46 INFO: [Found Land] Charleston, SC
09:19:48 INFO: [Found Land] Fort Pulaski, GA
09:19:50 INFO: [Found Land] Fernandina Beach, FL
09:19:52 INFO: [Found Land] Mayport (Bar Pilots Dock), FL
09:19:54 INFO: [Found Land] Dames Point, FL
09:19:56 INFO: [Found Land] Southbank Riverwalk, St Johns River, FL
09:19:58 INFO: [Found Land] I-295 Bridge, St Johns River, FL
09:19:59 INFO: [Found Land] Racy Point, St Johns River, FL
09:20:03 INFO: [Found Land] Trident Pier, FL
09:20:07 INFO: [Found Land] Lake Worth Pier, FL
09:20:09 INFO: [Found Water] Virginia Key, FL
09:20:12 INFO: [Found Land] Vaca Key, FL
09:20:14 INFO: [Found Water] Key West, FL
09:20:16 INFO: [Found Land] Naples, FL
09:20:18 INFO: [Found Land] Fort Myers, FL
09:20:22 INFO: [Found Land] Port Manatee, FL
09:20:25 INFO: [Found Land] Clearwater Beach, FL
09:20:27 INFO: [Found Water] Cedar Key, FL
09:20:29 INFO: [Found Land] Apalachicola, FL
09:20:31 INFO: [Found Land] Panama City, FL
09:20:33 INFO: [Found Land] Pensacola, FL
09:20:48 WARNING: Cannot get cube for: http://omgsrv1.meas.ncsu.edu:8080/thredds/dodsC/fmrc/us_east/US_East_Forecast_Model_Run_Collection_best.ncd

09:21:14 INFO: 
[COAWST_4] COAWST Forecast System : USGS : US East Coast and Gulf of Mexico (Experimental):
http://geoport.whoi.edu/thredds/dodsC/coawst_4/use/fmrc/coawst_4_use_best.ncd

09:21:14 INFO: Downloading model series to file 2014-06-07/2014-06-07-COAWST_4.nc.
09:21:20 INFO: [Found Land] Duck, NC
09:21:30 INFO: [Found Water] Oregon Inlet Marina, NC
09:21:35 INFO: [Found Water] Wrightsville Beach, NC
09:21:44 INFO: [Found Water] Springmaid Pier, SC
09:21:49 INFO: [Found Land] Oyster Landing (N Inlet Estuary), SC
09:21:53 INFO: [Found Land] Charleston, SC
09:21:58 INFO: [Found Land] Fort Pulaski, GA
09:22:03 INFO: [Found Land] Fernandina Beach, FL
09:22:07 INFO: [Found Land] Mayport (Bar Pilots Dock), FL
09:22:12 INFO: [Found Land] Dames Point, FL
09:22:17 INFO: [Found Land] Southbank Riverwalk, St Johns River, FL
09:22:22 INFO: [Found Land] I-295 Bridge, St Johns River, FL
09:22:26 INFO: [Found Land] Racy Point, St Johns River, FL
09:22:31 INFO: [Found Land] Trident Pier, FL
09:22:42 INFO: [Found Water] Lake Worth Pier, FL
09:22:47 INFO: [Found Land] Virginia Key, FL
09:22:52 INFO: [Found Land] Vaca Key, FL
09:23:02 INFO: [Found Water] Key West, FL
09:23:08 INFO: [Found Land] Naples, FL
09:23:13 INFO: [Found Land] Fort Myers, FL
09:23:18 INFO: [Found Land] Port Manatee, FL
09:23:23 INFO: [Found Land] Clearwater Beach, FL
09:23:32 INFO: [Found Water] Cedar Key, FL
09:23:37 INFO: [Found Water] Apalachicola, FL
09:23:43 INFO: [Found Water] Panama City, FL
09:23:48 INFO: [Found Water] Pensacola, FL
09:23:50 WARNING: /home/filipe/miniconda/envs/ioos/lib/python2.7/site-packages/iris/fileformats/_pyke_rules/compiled_krb/fc_rules_cf_fc.py:1195: UserWarning: Ignoring netCDF variable 'timestamp' invalid units 'none'
  warnings.warn(msg.format(msg_name, msg_units))

09:23:50 WARNING: Cannot get cube for: http://thredds.coastal.ufl.edu:8080/thredds/dodsC/CH3D-SSMS/EastCoast/2D/NAM-FC/EASTCOAST-2D-NAM_fmrc.ncd
'_FillValue' is not a permitted attribute
09:23:52 WARNING: Cannot get cube for: http://thredds.coastal.ufl.edu:8080/thredds/dodsC/CH3D-SSMS/EastCoast/3D/NAM-FC/EASTCOAST-3D-NAM_fmrc.ncd
'_FillValue' is not a permitted attribute
09:23:59 WARNING: Cannot get cube for: http://thredds.cdip.ucsd.edu/thredds/dodsC/cdip/archive/156p1/156p1_d07.nc
no cubes found
09:24:07 WARNING: Cannot get cube for: http://thredds.cdip.ucsd.edu/thredds/dodsC/cdip/archive/185p1/185p1_d02.nc
no cubes found
09:24:15 WARNING: Cannot get cube for: http://thredds.cdip.ucsd.edu/thredds/dodsC/cdip/archive/142p1/142p1_d14.nc
no cubes found
09:24:22 WARNING: Cannot get cube for: http://thredds.cdip.ucsd.edu/thredds/dodsC/cdip/archive/094p1/094p1_d12.nc
no cubes found
09:24:30 WARNING: Cannot get cube for: http://thredds.cdip.ucsd.edu/thredds/dodsC/cdip/archive/168p1/168p1_d05.nc
no cubes found
09:24:32 WARNING: Cannot get cube for: http://thredds.coastal.ufl.edu:8080/thredds/dodsC/CH3D-SSMS/Southwest/2D/NAM-FC/SOUTHWEST-2D-NAM_fmrc.ncd
'_FillValue' is not a permitted attribute
09:24:33 WARNING: Cannot get cube for: http://thredds.coastal.ufl.edu:8080/thredds/dodsC/CH3D-SSMS/Southwest/3D/NAM-FC/SOUTHWEST-3D-NAM_fmrc.ncd
'_FillValue' is not a permitted attribute
09:25:05 WARNING: Cannot get cube for: http://thredds.cdip.ucsd.edu/thredds/dodsC/cdip/archive/142p1/142p1_historic.nc
no cubes found
09:25:13 WARNING: Cannot get cube for: http://thredds.cdip.ucsd.edu/thredds/dodsC/cdip/archive/203p1/203p1_d01.nc
no cubes found
09:25:20 WARNING: Cannot get cube for: http://thredds.cdip.ucsd.edu/thredds/dodsC/cdip/archive/043p1/043p1_d16.nc
no cubes found
09:25:27 WARNING: Cannot get cube for: http://thredds.cdip.ucsd.edu/thredds/dodsC/cdip/archive/067p1/067p1_d22.nc
no cubes found
09:25:29 WARNING: Cannot get cube for: http://thredds.cdip.ucsd.edu/thredds/dodsC/cdip/archive/100p1/100p1_d13.nc
no cubes found
09:25:36 WARNING: Cannot get cube for: http://thredds.cdip.ucsd.edu/thredds/dodsC/cdip/archive/093p1/093p1_d40.nc
no cubes found
09:25:38 WARNING: Cannot get cube for: http://thredds.coastal.ufl.edu:8080/thredds/dodsC/CH3D-SSMS/Southeast/2D/NAM-FC/SOUTHEAST-2D-NAM_fmrc.ncd
'_FillValue' is not a permitted attribute
09:25:39 WARNING: Cannot get cube for: http://thredds.coastal.ufl.edu:8080/thredds/dodsC/CH3D-SSMS/Southeast/3D/NAM-FC/SOUTHEAST-3D-NAM_fmrc.ncd
'_FillValue' is not a permitted attribute
09:25:40 WARNING: Cannot get cube for: http://thredds.coastal.ufl.edu:8080/thredds/dodsC/CH3D-SSMS/NorthernGulf/2D/NAM-FC/NORTHERNGULF-2D-NAM_fmrc.ncd
'_FillValue' is not a permitted attribute
09:25:41 WARNING: Cannot get cube for: http://thredds.coastal.ufl.edu:8080/thredds/dodsC/CH3D-SSMS/NorthernGulf/3D/NAM-FC/NORTHERNGULF-3D-NAM_fmrc.ncd
'_FillValue' is not a permitted attribute
09:26:39 WARNING: Cannot get cube for: http://thredds.cdip.ucsd.edu/thredds/dodsC/cdip/archive/100p1/100p1_historic.nc
no cubes found
09:26:49 INFO: 
[ESPRESSO] ROMS ESPRESSO Real-Time Operational IS4DVAR Forecast System Version 2 (NEW) 2013-present FMRC History (Best):
http://tds.marine.rutgers.edu/thredds/dodsC/roms/espresso/2013_da/his_Best/ESPRESSO_Real-Time_v2_History_Best_Available_best.ncd

09:26:49 INFO: Downloading model series to file 2014-06-07/2014-06-07-ESPRESSO.nc.
09:26:52 INFO: [Found Land] Duck, NC
09:26:55 INFO: [Found Water] Oregon Inlet Marina, NC
09:26:55 WARNING: No data found for (-77.7867,34.2133) using max_dist=0.04.
09:26:55 WARNING: No data found for (-78.9183,33.655) using max_dist=0.04.
09:26:55 WARNING: No data found for (-79.1867,33.3517) using max_dist=0.04.
09:26:55 WARNING: No data found for (-79.925,32.7817) using max_dist=0.04.
09:26:55 WARNING: No data found for (-80.9017,32.0333) using max_dist=0.04.
09:26:55 WARNING: No data found for (-81.465,30.6717) using max_dist=0.04.
09:26:55 WARNING: No data found for (-81.43,30.3967) using max_dist=0.04.
09:26:55 WARNING: No data found for (-81.5583,30.3867) using max_dist=0.04.
09:26:55 WARNING: No data found for (-81.6583,30.32) using max_dist=0.04.
09:26:55 WARNING: No data found for (-81.6917,30.1917) using max_dist=0.04.
09:26:55 WARNING: No data found for (-81.5483,29.8017) using max_dist=0.04.
09:26:55 WARNING: No data found for (-80.5931,28.4158) using max_dist=0.04.
09:26:55 WARNING: No data found for (-80.0333,26.6117) using max_dist=0.04.
09:26:55 WARNING: No data found for (-80.1618,25.7314) using max_dist=0.04.
09:26:55 WARNING: No data found for (-81.105,24.7117) using max_dist=0.04.
09:26:55 WARNING: No data found for (-81.8079,24.5557) using max_dist=0.04.
09:26:55 WARNING: No data found for (-81.8075,26.1317) using max_dist=0.04.
09:26:55 WARNING: No data found for (-81.8712,26.6477) using max_dist=0.04.
09:26:55 WARNING: No data found for (-82.5621,27.6387) using max_dist=0.04.
09:26:55 WARNING: No data found for (-82.8317,27.9783) using max_dist=0.04.
09:26:55 WARNING: No data found for (-83.0317,29.135) using max_dist=0.04.
09:26:55 WARNING: No data found for (-84.9817,29.7267) using max_dist=0.04.
09:26:55 WARNING: No data found for (-85.6669,30.1523) using max_dist=0.04.
09:26:55 WARNING: No data found for (-87.2112,30.4044) using max_dist=0.04.
09:26:58 INFO: 
[BTMPB] Barotropic Tide Model for the Pacific Basin:
http://oos.soest.hawaii.edu/thredds/dodsC/hioos/tide_pac

09:26:58 INFO: Downloading model series to file 2014-06-07/2014-06-07-BTMPB.nc.
09:26:58 WARNING: No data found for (-75.7467,36.1833) using max_dist=0.04.
09:26:58 WARNING: No data found for (-75.5483,35.795) using max_dist=0.04.
09:26:58 WARNING: No data found for (-77.7867,34.2133) using max_dist=0.04.
09:26:58 WARNING: No data found for (-78.9183,33.655) using max_dist=0.04.
09:26:58 WARNING: No data found for (-79.1867,33.3517) using max_dist=0.04.
09:26:58 WARNING: No data found for (-79.925,32.7817) using max_dist=0.04.
09:26:58 WARNING: No data found for (-80.9017,32.0333) using max_dist=0.04.
09:26:58 WARNING: No data found for (-81.465,30.6717) using max_dist=0.04.
09:26:58 WARNING: No data found for (-81.43,30.3967) using max_dist=0.04.
09:26:58 WARNING: No data found for (-81.5583,30.3867) using max_dist=0.04.
09:26:58 WARNING: No data found for (-81.6583,30.32) using max_dist=0.04.
09:26:58 WARNING: No data found for (-81.6917,30.1917) using max_dist=0.04.
09:26:58 WARNING: No data found for (-81.5483,29.8017) using max_dist=0.04.
09:26:58 WARNING: No data found for (-80.5931,28.4158) using max_dist=0.04.
09:26:58 WARNING: No data found for (-80.0333,26.6117) using max_dist=0.04.
09:26:58 WARNING: No data found for (-80.1618,25.7314) using max_dist=0.04.
09:26:58 WARNING: No data found for (-81.105,24.7117) using max_dist=0.04.
09:26:58 WARNING: No data found for (-81.8079,24.5557) using max_dist=0.04.
09:26:58 WARNING: No data found for (-81.8075,26.1317) using max_dist=0.04.
09:26:58 WARNING: No data found for (-81.8712,26.6477) using max_dist=0.04.
09:26:58 WARNING: No data found for (-82.5621,27.6387) using max_dist=0.04.
09:26:58 WARNING: No data found for (-82.8317,27.9783) using max_dist=0.04.
09:26:58 WARNING: No data found for (-83.0317,29.135) using max_dist=0.04.
09:26:58 WARNING: No data found for (-84.9817,29.7267) using max_dist=0.04.
09:26:58 WARNING: No data found for (-85.6669,30.1523) using max_dist=0.04.
09:26:58 WARNING: No data found for (-87.2112,30.4044) using max_dist=0.04.
09:27:01 WARNING: /home/filipe/miniconda/envs/ioos/lib/python2.7/site-packages/iris/fileformats/_pyke_rules/compiled_krb/fc_rules_cf_fc.py:1357: UserWarning: Failed to create 'waveTime' dimension coordinate: The points array must be strictly monotonic.
Gracefully creating 'waveTime' auxiliary coordinate instead.
  error=e_msg))

09:27:11 WARNING: /home/filipe/miniconda/envs/ioos/lib/python2.7/site-packages/iris/fileformats/_pyke_rules/compiled_krb/fc_rules_cf_fc.py:1357: UserWarning: Failed to create 'sstTime' dimension coordinate: The points array must be strictly monotonic.
Gracefully creating 'sstTime' auxiliary coordinate instead.
  error=e_msg))

09:27:16 WARNING: /home/filipe/miniconda/envs/ioos/lib/python2.7/site-packages/iris/fileformats/_pyke_rules/compiled_krb/fc_rules_cf_fc.py:1357: UserWarning: Failed to create 'dwrTime' dimension coordinate: The points array must be strictly monotonic.
Gracefully creating 'dwrTime' auxiliary coordinate instead.
  error=e_msg))

09:27:55 WARNING: Cannot get cube for: http://thredds.cdip.ucsd.edu/thredds/dodsC/cdip/archive/067p1/067p1_historic.nc
no cubes found
09:28:10 INFO: 
[HYCOM] HYbrid Coordinate Ocean Model (HYCOM): Global:
http://oos.soest.hawaii.edu/thredds/dodsC/pacioos/hycom/global

09:28:10 INFO: Downloading model series to file 2014-06-07/2014-06-07-HYCOM.nc.
09:28:12 INFO: [Found Land] Duck, NC
09:28:15 INFO: [Found Water] Oregon Inlet Marina, NC
09:28:16 INFO: [Found Water] Wrightsville Beach, NC
09:28:16 WARNING: No data found for (-78.9183,33.655) using max_dist=0.04.
09:28:19 INFO: [Found Land] Oyster Landing (N Inlet Estuary), SC
09:28:21 INFO: [Found Land] Charleston, SC
09:28:23 INFO: [Found Land] Fort Pulaski, GA
09:28:25 INFO: [Found Land] Fernandina Beach, FL
09:28:27 INFO: [Found Land] Mayport (Bar Pilots Dock), FL
09:28:29 INFO: [Found Land] Dames Point, FL
09:28:31 INFO: [Found Land] Southbank Riverwalk, St Johns River, FL
09:28:34 INFO: [Found Land] I-295 Bridge, St Johns River, FL
09:28:34 WARNING: No data found for (-81.5483,29.8017) using max_dist=0.04.
09:28:36 INFO: [Found Land] Trident Pier, FL
09:28:38 INFO: [Found Water] Lake Worth Pier, FL
09:28:40 INFO: [Found Land] Virginia Key, FL
09:28:42 INFO: [Found Land] Vaca Key, FL
09:28:44 INFO: [Found Land] Key West, FL
09:28:44 WARNING: No data found for (-81.8075,26.1317) using max_dist=0.04.
09:28:46 INFO: [Found Land] Fort Myers, FL
09:28:48 INFO: [Found Land] Port Manatee, FL
09:28:48 WARNING: No data found for (-82.8317,27.9783) using max_dist=0.04.
09:28:50 INFO: [Found Land] Cedar Key, FL
09:28:52 INFO: [Found Land] Apalachicola, FL
09:28:58 INFO: [Found Land] Panama City, FL
09:29:00 INFO: [Found Land] Pensacola, FL
09:29:48 WARNING: Cannot get cube for: http://thredds.cdip.ucsd.edu/thredds/dodsC/cdip/archive/094p1/094p1_historic.nc
no cubes found
09:29:51 WARNING: Cannot get cube for: http://thredds.axiomalaska.com/thredds/dodsC/Aquarius_V3_scat_wind_speed_Monthly.nc
no cubes found
09:29:59 WARNING: Cannot get cube for: http://thredds.axiomalaska.com/thredds/dodsC/Aquarius_V3_scat_wind_speed_Weekly.nc
no cubes found
09:30:34 WARNING: Cannot get cube for: http://thredds.axiomalaska.com/thredds/dodsC/Aquarius_V3_SSS_Daily.nc
no cubes found
09:30:37 WARNING: Cannot get cube for: http://thredds.axiomalaska.com/thredds/dodsC/Aquarius_V3_SSS_Monthly.nc
no cubes found
09:30:42 WARNING: Cannot get cube for: http://thredds.axiomalaska.com/thredds/dodsC/Aquarius_V3_SSS_Weekly.nc
no cubes found
09:31:12 WARNING: Cannot get cube for: http://thredds.axiomalaska.com/thredds/dodsC/Aquarius_V3_scat_wind_speed_Daily.nc
no cubes found
09:31:13 WARNING: /home/filipe/miniconda/envs/ioos/lib/python2.7/site-packages/iris/fileformats/_pyke_rules/compiled_krb/fc_rules_cf_fc.py:1195: UserWarning: Ignoring netCDF variable 'nbdv' invalid units 'nondimensional'
  warnings.warn(msg.format(msg_name, msg_units))

09:31:13 WARNING: /home/filipe/miniconda/envs/ioos/lib/python2.7/site-packages/iris/fileformats/_pyke_rules/compiled_krb/fc_rules_cf_fc.py:1195: UserWarning: Ignoring netCDF variable 'neta' invalid units 'nondimensional'
  warnings.warn(msg.format(msg_name, msg_units))

09:31:13 WARNING: /home/filipe/miniconda/envs/ioos/lib/python2.7/site-packages/iris/fileformats/_pyke_rules/compiled_krb/fc_rules_cf_fc.py:1195: UserWarning: Ignoring netCDF variable 'ibtypee' invalid units 'nondimensional'
  warnings.warn(msg.format(msg_name, msg_units))

09:31:13 WARNING: /home/filipe/miniconda/envs/ioos/lib/python2.7/site-packages/iris/fileformats/_pyke_rules/compiled_krb/fc_rules_cf_fc.py:1195: UserWarning: Ignoring netCDF variable 'nvell' invalid units 'nondimensional'
  warnings.warn(msg.format(msg_name, msg_units))

09:31:13 WARNING: /home/filipe/miniconda/envs/ioos/lib/python2.7/site-packages/iris/fileformats/_pyke_rules/compiled_krb/fc_rules_cf_fc.py:1195: UserWarning: Ignoring netCDF variable 'ibtype' invalid units 'nondimensional'
  warnings.warn(msg.format(msg_name, msg_units))

09:31:14 WARNING: /home/filipe/miniconda/envs/ioos/lib/python2.7/site-packages/iris/fileformats/_pyke_rules/compiled_krb/fc_rules_cf_fc.py:1195: UserWarning: Ignoring netCDF variable 'nbvv' invalid units 'nondimensional'
  warnings.warn(msg.format(msg_name, msg_units))

09:31:14 WARNING: /home/filipe/miniconda/envs/ioos/lib/python2.7/site-packages/iris/fileformats/_pyke_rules/compiled_krb/fc_rules_cf_fc.py:1195: UserWarning: Ignoring netCDF variable 'nvel' invalid units 'nondimensional'
  warnings.warn(msg.format(msg_name, msg_units))

09:31:14 WARNING: /home/filipe/miniconda/envs/ioos/lib/python2.7/site-packages/iris/fileformats/_pyke_rules/compiled_krb/fc_rules_cf_fc.py:1195: UserWarning: Ignoring netCDF variable 'nvdll' invalid units 'nondimensional'
  warnings.warn(msg.format(msg_name, msg_units))

09:31:21 INFO: 
[ESTOFS] ESTOFS Storm Surge Model - Atlantic - v1.0.0 - NOAA - NCEP - ADCIRC:
http://geoport-dev.whoi.edu/thredds/dodsC/estofs/atlantic

09:31:21 INFO: Downloading model series to file 2014-06-07/2014-06-07-ESTOFS.nc.
09:31:26 INFO: [Found Water] Duck, NC
09:31:28 INFO: [Found Water] Oregon Inlet Marina, NC
09:31:36 INFO: [Found Water] Wrightsville Beach, NC
09:31:46 INFO: [Found Water] Springmaid Pier, SC
09:31:48 INFO: [Found Water] Oyster Landing (N Inlet Estuary), SC
09:31:48 WARNING: No data found for (-79.925,32.7817) using max_dist=0.04.
09:31:51 INFO: [Found Water] Fort Pulaski, GA
09:31:52 INFO: [Found Water] Fernandina Beach, FL
09:31:54 INFO: [Found Water] Mayport (Bar Pilots Dock), FL
09:31:54 WARNING: No data found for (-81.5583,30.3867) using max_dist=0.04.
09:31:54 WARNING: No data found for (-81.6583,30.32) using max_dist=0.04.
09:31:54 WARNING: No data found for (-81.6917,30.1917) using max_dist=0.04.
09:31:54 WARNING: No data found for (-81.5483,29.8017) using max_dist=0.04.
09:31:59 INFO: [Found Water] Trident Pier, FL
09:32:03 INFO: [Found Water] Lake Worth Pier, FL
09:32:11 INFO: [Found Water] Virginia Key, FL
09:32:21 INFO: [Found Water] Vaca Key, FL
09:32:28 INFO: [Found Water] Key West, FL
09:32:35 INFO: [Found Water] Naples, FL
09:32:35 WARNING: No data found for (-81.8712,26.6477) using max_dist=0.04.
09:32:46 INFO: [Found Water] Port Manatee, FL
09:32:54 INFO: [Found Water] Clearwater Beach, FL
09:33:05 INFO: [Found Water] Cedar Key, FL
09:33:12 INFO: [Found Water] Apalachicola, FL
09:33:12 WARNING: No data found for (-85.6669,30.1523) using max_dist=0.04.
09:33:12 WARNING: No data found for (-87.2112,30.4044) using max_dist=0.04.
09:33:48 WARNING: Cannot get cube for: http://thredds.cdip.ucsd.edu/thredds/dodsC/cdip/archive/143p1/143p1_historic.nc
no cubes found
09:33:51 WARNING: /home/filipe/miniconda/envs/ioos/lib/python2.7/site-packages/iris/fileformats/_pyke_rules/compiled_krb/fc_rules_cf_fc.py:1195: UserWarning: Ignoring netCDF variable 'conductivity' invalid units 'mS_cm-1'
  warnings.warn(msg.format(msg_name, msg_units))

09:33:51 WARNING: url http://tds.secoora.org/thredds/dodsC/fldep.bingslanding..nc is probably a timeSeries!
09:33:55 WARNING: url http://tds.secoora.org/thredds/dodsC/fldep.binneydock..nc is probably a timeSeries!
09:33:59 WARNING: url http://tds.secoora.org/thredds/dodsC/fldep.gordonriverinlet..nc is probably a timeSeries!
09:34:02 WARNING: url http://tds.secoora.org/thredds/dodsC/fldep.melbourne..nc is probably a timeSeries!
09:34:06 WARNING: url http://tds.secoora.org/thredds/dodsC/fldep.naplesbay..nc is probably a timeSeries!
09:34:09 WARNING: url http://tds.secoora.org/thredds/dodsC/fldep.poncedeleonsouth..nc is probably a timeSeries!
09:34:13 WARNING: /home/filipe/miniconda/envs/ioos/lib/python2.7/site-packages/iris/fileformats/_pyke_rules/compiled_krb/fc_rules_cf_fc.py:1195: UserWarning: Ignoring netCDF variable 'conductivity_2' invalid units 'mS_cm-1'
  warnings.warn(msg.format(msg_name, msg_units))

09:34:13 WARNING: url http://tds.secoora.org/thredds/dodsC/fldep.stlucieinlet..nc is probably a timeSeries!
09:34:17 WARNING: url http://tds.secoora.org/thredds/dodsC/fldep.tolomatoriver..nc is probably a timeSeries!
09:34:21 WARNING: url http://tds.secoora.org/thredds/dodsC/fldep.verobeach..nc is probably a timeSeries!
09:34:24 WARNING: url http://tds.secoora.org/thredds/dodsC/usf.apk.ngwlms.nc is probably a timeSeries!
09:34:27 WARNING: url http://tds.secoora.org/thredds/dodsC/usf.bcp.ngwlms.nc is probably a timeSeries!
09:34:31 WARNING: url http://tds.secoora.org/thredds/dodsC/usf.fhp.ngwlms.nc is probably a timeSeries!
09:34:34 WARNING: url http://tds.secoora.org/thredds/dodsC/usf.shp.ngwlms.nc is probably a timeSeries!
09:34:38 WARNING: url http://tds.secoora.org/thredds/dodsC/usf.tas.ngwlms.nc is probably a timeSeries!
09:34:52 WARNING: Cannot get cube for: http://tds.secoora.org/thredds/dodsC/carocoops.sun2.buoy.nc
no cubes found
09:34:55 WARNING: /home/filipe/miniconda/envs/ioos/lib/python2.7/site-packages/iris/fileformats/_pyke_rules/compiled_krb/fc_rules_cf_fc.py:1195: UserWarning: Ignoring netCDF variable 'phosphate' invalid units 'uM'
  warnings.warn(msg.format(msg_name, msg_units))

09:34:55 WARNING: /home/filipe/miniconda/envs/ioos/lib/python2.7/site-packages/iris/fileformats/_pyke_rules/compiled_krb/fc_rules_cf_fc.py:1195: UserWarning: Ignoring netCDF variable 'turbidity' invalid units 'ntu'
  warnings.warn(msg.format(msg_name, msg_units))

09:34:55 WARNING: /home/filipe/miniconda/envs/ioos/lib/python2.7/site-packages/iris/fileformats/_pyke_rules/compiled_krb/fc_rules_cf_fc.py:1195: UserWarning: Ignoring netCDF variable 'dissolved_oxygen' invalid units 'mg_L-1'
  warnings.warn(msg.format(msg_name, msg_units))

09:34:55 WARNING: /home/filipe/miniconda/envs/ioos/lib/python2.7/site-packages/iris/fileformats/_pyke_rules/compiled_krb/fc_rules_cf_fc.py:1195: UserWarning: Ignoring netCDF variable 'cdom' invalid units 'QSDE'
  warnings.warn(msg.format(msg_name, msg_units))

09:34:55 WARNING: /home/filipe/miniconda/envs/ioos/lib/python2.7/site-packages/iris/fileformats/_pyke_rules/compiled_krb/fc_rules_cf_fc.py:1195: UserWarning: Ignoring netCDF variable 'nitrate' invalid units 'uM'
  warnings.warn(msg.format(msg_name, msg_units))

09:34:55 WARNING: /home/filipe/miniconda/envs/ioos/lib/python2.7/site-packages/iris/fileformats/_pyke_rules/compiled_krb/fc_rules_cf_fc.py:1195: UserWarning: Ignoring netCDF variable 'photosynthetically_available_radiation' invalid units 'micromoles_per_m^2'
  warnings.warn(msg.format(msg_name, msg_units))

09:34:55 WARNING: Cannot get cube for: http://tds.secoora.org/thredds/dodsC/fau.lobo.1.nc
no cubes found
09:34:57 WARNING: /home/filipe/miniconda/envs/ioos/lib/python2.7/site-packages/iris/fileformats/_pyke_rules/compiled_krb/fc_rules_cf_fc.py:1195: UserWarning: Ignoring netCDF variable 'turbidity_2' invalid units 'ntu'
  warnings.warn(msg.format(msg_name, msg_units))

09:34:58 WARNING: /home/filipe/miniconda/envs/ioos/lib/python2.7/site-packages/iris/fileformats/_pyke_rules/compiled_krb/fc_rules_cf_fc.py:1195: UserWarning: Ignoring netCDF variable 'dissolved_oxygen_2' invalid units 'mg_L-1'
  warnings.warn(msg.format(msg_name, msg_units))

09:34:58 WARNING: Cannot get cube for: http://tds.secoora.org/thredds/dodsC/lbhmc.2ndave.pier.nc
no cubes found
09:35:01 WARNING: Cannot get cube for: http://tds.secoora.org/thredds/dodsC/lbhmc.apachepier.pier.nc
no cubes found
09:35:04 WARNING: Cannot get cube for: http://tds.secoora.org/thredds/dodsC/lbhmc.cherrygrove.pier.nc
no cubes found
09:35:06 WARNING: /home/filipe/miniconda/envs/ioos/lib/python2.7/site-packages/iris/fileformats/_pyke_rules/compiled_krb/fc_rules_cf_fc.py:1195: UserWarning: Ignoring netCDF variable 'dissolved_oxygen_saturation' invalid units 'mg_L-1'
  warnings.warn(msg.format(msg_name, msg_units))

09:35:06 WARNING: Cannot get cube for: http://tds.secoora.org/thredds/dodsC/sccf.fortmyers.wq.nc
no cubes found
09:35:09 WARNING: Cannot get cube for: http://tds.secoora.org/thredds/dodsC/sccf.gulfofmexico.wq.nc
no cubes found
09:35:12 WARNING: Cannot get cube for: http://tds.secoora.org/thredds/dodsC/sccf.redfishpass.wq.nc
no cubes found
09:35:15 WARNING: Cannot get cube for: http://tds.secoora.org/thredds/dodsC/sccf.shellpoint.wq.nc
no cubes found
09:35:18 WARNING: Cannot get cube for: http://tds.secoora.org/thredds/dodsC/sccf.tarponbay.wq.nc
no cubes found
09:35:38 WARNING: Cannot get cube for: http://thredds.cdip.ucsd.edu/thredds/dodsC/cdip/archive/190p1/190p1_historic.nc
no cubes found
09:35:45 WARNING: Cannot get cube for: http://thredds.cdip.ucsd.edu/thredds/dodsC/cdip/archive/190p1/190p1_d02.nc
no cubes found
09:35:47 WARNING: Cannot get cube for: http://thredds.cdip.ucsd.edu/thredds/dodsC/cdip/archive/143p1/143p1_d10.nc
no cubes found
09:35:55 WARNING: -c:17: SettingWithCopyWarning: A value is trying to be set on a copy of a slice from a DataFrame

09:36:33 INFO: 1196.93533492
09:36:33 INFO: EOF
