07:55:30 INFO: Run date: 2014-09-07 22:55:30
07:55:30 INFO: Download start: 2014-08-30 12:00:00
07:55:30 INFO: Download stop: 2014-09-06 12:00:00
07:55:30 INFO: Bounding box: -87.40, 24.25,-74.70, 36.70
07:55:30 INFO: Iris version: 1.8.0-DEV
07:55:30 INFO: owslib version: 0.8.8
07:55:30 INFO: pyoos version: 0.6.2
07:55:34 INFO: CSW version: 2.0.2
07:55:34 INFO: Number of datasets available: 11
07:55:34 INFO: CSW: ROMS/TOMS 3.0 - South-Atlantic Bight and Gulf of Mexico
07:55:34 INFO: CSW: USEAST
07:55:34 INFO: CSW: COAWST Forecast System : USGS : US East Coast and Gulf of Mexico (Experimental)
07:55:34 INFO: CSW: ROMS ESPRESSO Real-Time Operational IS4DVAR Forecast System Version 2 (NEW) 2013-present FMRC History (Best)
07:55:34 INFO: CSW: Barotropic Tide Model for the Pacific Basin
07:55:34 INFO: CSW: TBOFS - Tampa Bay Operational Forecast System - NOAA CO-OPS - POM
07:55:34 INFO: CSW: NDBC Standard Meteorological Buoy Data
07:55:34 INFO: CSW: HYbrid Coordinate Ocean Model (HYCOM): Global
07:55:34 INFO: CSW: CBOFS - Chesapeake Bay Operational Forecast System - NOAA CO-OPS - POM
07:55:34 INFO: CSW: ESTOFS Storm Surge Model - Atlantic - v1.0.0 - NOAA - NCEP - ADCIRC
07:55:34 INFO: CSW: NECOFS GOM3 (FVCOM) - Northeast US - Latest Forecast
07:55:34 INFO: DAP: http://omgsrv1.meas.ncsu.edu:8080/thredds/dodsC/fmrc/sabgom/SABGOM_Forecast_Model_Run_Collection_best.ncd.html
07:55:34 INFO: DAP: http://omgsrv1.meas.ncsu.edu:8080/thredds/dodsC/fmrc/us_east/US_East_Forecast_Model_Run_Collection_best.ncd.html
07:55:34 INFO: DAP: http://geoport.whoi.edu/thredds/dodsC/coawst_4/use/fmrc/coawst_4_use_best.ncd.html
07:55:34 INFO: DAP: http://tds.marine.rutgers.edu/thredds/dodsC/roms/espresso/2013_da/his_Best/ESPRESSO_Real-Time_v2_History_Best_Available_best.ncd.html
07:55:34 INFO: DAP: http://oos.soest.hawaii.edu/thredds/dodsC/hioos/tide_pac.html
07:55:34 INFO: DAP: http://opendap.co-ops.nos.noaa.gov/thredds/dodsC/TBOFS/fmrc/Aggregated_7_day_TBOFS_Fields_Forecast_best.ncd.html
07:55:34 INFO: DAP: http://oos.soest.hawaii.edu/thredds/dodsC/pacioos/hycom/global.html
07:55:34 INFO: DAP: http://opendap.co-ops.nos.noaa.gov/thredds/dodsC/CBOFS/fmrc/Aggregated_7_day_CBOFS_Fields_Forecast_best.ncd.html
07:55:34 INFO: DAP: http://geoport-dev.whoi.edu/thredds/dodsC/estofs/atlantic.html
07:55:34 INFO: DAP: http://www.smast.umassd.edu:8080/thredds/dodsC/FVCOM/NECOFS/Forecasts/NECOFS_GOM3_FORECAST.nc.html
07:55:45 INFO: NOAA.NOS.CO-OPS SOS: 1024 offerings
07:55:49 INFO: sos_request
07:56:04 INFO: Downloading observation to file 2014-09-06/2014-09-06-OBS_DATA.nc.
07:56:10 WARNING: [8654467] USCG Station Hatteras, NC:
'Wrong Datum for this station: The correct Datum values are: MHHW, MHW, MTL, MSL, MLW, MLLW, STND'
07:56:12 WARNING: [8656483] Beaufort, NC:
'Wrong Datum for this station: The correct Datum values are: MHHW, MHW, MTL, MSL, MLW, MLLW, STND'
07:56:13 WARNING: [8658120] Wilmington, NC:
'Wrong Datum for this station: The correct Datum values are: MHHW, MHW, MTL, MSL, MLW, MLLW, STND'
07:57:19 WARNING: [8726520] St Petersburg, FL:
'Wrong Datum for this station: The correct Datum values are: MHHW, MHW, MTL, MSL, MLW, MLLW, STND'
07:57:20 WARNING: [8726607] Old Port Tampa, FL:
'Wrong Datum for this station: The correct Datum values are: MHHW, MHW, MTL, MSL, MLW, MLLW, STND'
07:57:35 WARNING: [8729210] Panama City Beach, FL:
'Wrong Datum for this station: The correct Datum values are: MHHW, MHW, MTL, MSL, MLW, MLLW, STND'
07:57:39 INFO: 
[Reading url 1/10]: http://omgsrv1.meas.ncsu.edu:8080/thredds/dodsC/fmrc/sabgom/SABGOM_Forecast_Model_Run_Collection_best.ncd
07:57:41 WARNING: /home/filipe/.virtualenvs/iris/lib/python2.7/site-packages/iris/fileformats/cf.py:1038: UserWarning: Ignoring formula terms variable u'h' referenced by data variable u'v' via variable u's_rho': Dimensions (u'eta_rho', u'xi_rho') do not span (u'time', u's_rho', u'eta_v', u'xi_v')
  warnings.warn(msg)

07:57:41 WARNING: /home/filipe/.virtualenvs/iris/lib/python2.7/site-packages/iris/fileformats/cf.py:1038: UserWarning: Ignoring formula terms variable u'zeta' referenced by data variable u'v' via variable u's_rho': Dimensions (u'time', u'eta_rho', u'xi_rho') do not span (u'time', u's_rho', u'eta_v', u'xi_v')
  warnings.warn(msg)

07:57:41 WARNING: /home/filipe/.virtualenvs/iris/lib/python2.7/site-packages/iris/fileformats/cf.py:1038: UserWarning: Ignoring formula terms variable u'h' referenced by data variable u'u' via variable u's_rho': Dimensions (u'eta_rho', u'xi_rho') do not span (u'time', u's_rho', u'eta_u', u'xi_u')
  warnings.warn(msg)

07:57:41 WARNING: /home/filipe/.virtualenvs/iris/lib/python2.7/site-packages/iris/fileformats/cf.py:1038: UserWarning: Ignoring formula terms variable u'zeta' referenced by data variable u'u' via variable u's_rho': Dimensions (u'time', u'eta_rho', u'xi_rho') do not span (u'time', u's_rho', u'eta_u', u'xi_u')
  warnings.warn(msg)

07:57:41 WARNING: /home/filipe/.virtualenvs/iris/lib/python2.7/site-packages/iris/fileformats/_pyke_rules/compiled_krb/fc_rules_cf_fc.py:1195: UserWarning: Ignoring netCDF variable 'chlorophyll' invalid units 'milligrams_chlorophyll meter-3'
  warnings.warn(msg.format(msg_name, msg_units))

07:57:42 WARNING: /home/filipe/.virtualenvs/iris/lib/python2.7/site-packages/iris/fileformats/_pyke_rules/compiled_krb/fc_rules_cf_fc.py:1290: UserWarning: Gracefully filling 'time' dimension coordinate masked points
  warnings.warn(msg.format(str(cf_coord_var.cf_name)))

07:57:42 WARNING: /home/filipe/.virtualenvs/iris/lib/python2.7/site-packages/iris/fileformats/_pyke_rules/compiled_krb/fc_rules_cf_fc.py:1195: UserWarning: Ignoring netCDF variable 'phytoplankton' invalid units 'millimole_nitrogen meter-3'
  warnings.warn(msg.format(msg_name, msg_units))

07:57:42 WARNING: /home/filipe/.virtualenvs/iris/lib/python2.7/site-packages/iris/fileformats/_pyke_rules/compiled_krb/fc_rules_cf_fc.py:1195: UserWarning: Ignoring netCDF variable 'NO3' invalid units 'millimole_N03 meter-3'
  warnings.warn(msg.format(msg_name, msg_units))

07:57:42 WARNING: /home/filipe/.virtualenvs/iris/lib/python2.7/site-packages/iris/fileformats/_pyke_rules/compiled_krb/fc_rules_cf_fc.py:1195: UserWarning: Ignoring netCDF variable 'zooplankton' invalid units 'millimole_nitrogen meter-3'
  warnings.warn(msg.format(msg_name, msg_units))

07:57:42 WARNING: /home/filipe/.virtualenvs/iris/lib/python2.7/site-packages/iris/fileformats/_pyke_rules/compiled_krb/fc_rules_cf_fc.py:1195: UserWarning: Ignoring netCDF variable 'NH4' invalid units 'millimole_NH4 meter-3'
  warnings.warn(msg.format(msg_name, msg_units))

07:57:52 INFO: Downloading model series to file 2014-09-06/2014-09-06-SABGOM.nc.
07:57:58 INFO: [Found Water] Duck, NC
07:58:01 INFO: [Found Land] Oregon Inlet Marina, NC
07:58:03 INFO: [Found Water] Wrightsville Beach, NC
07:58:05 INFO: [Found Water] Springmaid Pier, SC
07:58:08 INFO: [Found Land] Oyster Landing (N Inlet Estuary), SC
07:58:10 INFO: [Found Land] Charleston, SC
07:58:12 INFO: [Found Land] Fort Pulaski, GA
07:58:14 INFO: [Found Land] Fernandina Beach, FL
07:58:16 INFO: [Found Land] Mayport (Bar Pilots Dock), FL
07:58:19 INFO: [Found Land] Dames Point, FL
07:58:21 INFO: [Found Land] Southbank Riverwalk, St Johns River, FL
07:58:23 INFO: [Found Land] I-295 Bridge, St Johns River, FL
07:58:26 INFO: [Found Land] Red Bay Point, St Johns River, FL
07:58:28 INFO: [Found Land] Racy Point, St Johns River, FL
07:58:32 INFO: [Found Land] Trident Pier, FL
07:58:37 INFO: [Found Land] Lake Worth Pier, FL
07:58:40 INFO: [Found Water] Virginia Key, FL
07:58:44 INFO: [Found Land] Vaca Key, FL
07:58:47 INFO: [Found Water] Key West, FL
07:58:49 INFO: [Found Land] Naples, FL
07:58:51 INFO: [Found Land] Fort Myers, FL
07:58:56 INFO: [Found Land] Port Manatee, FL
07:59:00 INFO: [Found Land] Mckay Bay Entrance, FL
07:59:07 INFO: [Found Land] Clearwater Beach, FL
07:59:11 INFO: [Found Water] Cedar Key, FL
07:59:14 INFO: [Found Land] Apalachicola, FL
07:59:16 INFO: [Found Land] Panama City, FL
07:59:18 INFO: [Found Land] Pensacola, FL
07:59:18 INFO: [SABGOM]: http://omgsrv1.meas.ncsu.edu:8080/thredds/dodsC/fmrc/sabgom/SABGOM_Forecast_Model_Run_Collection_best.ncd
07:59:18 INFO: 00:01:39
07:59:18 INFO: 
[Reading url 2/10]: http://omgsrv1.meas.ncsu.edu:8080/thredds/dodsC/fmrc/us_east/US_East_Forecast_Model_Run_Collection_best.ncd
07:59:20 WARNING: /home/filipe/.virtualenvs/iris/lib/python2.7/site-packages/iris/fileformats/cf.py:1038: UserWarning: Ignoring formula terms variable u'h' referenced by data variable u'v' via variable u's_rho': Dimensions (u'eta_rho', u'xi_rho') do not span (u'time1', u's_rho', u'eta_v', u'xi_v')
  warnings.warn(msg)

07:59:20 WARNING: /home/filipe/.virtualenvs/iris/lib/python2.7/site-packages/iris/fileformats/cf.py:1038: UserWarning: Ignoring formula terms variable u'zeta' referenced by data variable u'v' via variable u's_rho': Dimensions (u'time1', u'eta_rho', u'xi_rho') do not span (u'time1', u's_rho', u'eta_v', u'xi_v')
  warnings.warn(msg)

07:59:20 WARNING: /home/filipe/.virtualenvs/iris/lib/python2.7/site-packages/iris/fileformats/cf.py:1038: UserWarning: Ignoring formula terms variable u'h' referenced by data variable u'u' via variable u's_rho': Dimensions (u'eta_rho', u'xi_rho') do not span (u'time1', u's_rho', u'eta_u', u'xi_u')
  warnings.warn(msg)

07:59:20 WARNING: /home/filipe/.virtualenvs/iris/lib/python2.7/site-packages/iris/fileformats/cf.py:1038: UserWarning: Ignoring formula terms variable u'zeta' referenced by data variable u'u' via variable u's_rho': Dimensions (u'time1', u'eta_rho', u'xi_rho') do not span (u'time1', u's_rho', u'eta_u', u'xi_u')
  warnings.warn(msg)

07:59:20 WARNING: /home/filipe/.virtualenvs/iris/lib/python2.7/site-packages/iris/fileformats/_pyke_rules/compiled_krb/fc_rules_cf_fc.py:1290: UserWarning: Gracefully filling 'time1' dimension coordinate masked points
  warnings.warn(msg.format(str(cf_coord_var.cf_name)))

07:59:30 INFO: Downloading model series to file 2014-09-06/2014-09-06-USEAST.nc.
07:59:31 WARNING: No data found for (-75.7467,36.1833) using max_dist=0.04.
07:59:31 WARNING: No data found for (-75.5483,35.795) using max_dist=0.04.
07:59:31 WARNING: No data found for (-77.7867,34.2133) using max_dist=0.04.
07:59:33 INFO: [Found Water] Springmaid Pier, SC
07:59:35 INFO: [Found Land] Oyster Landing (N Inlet Estuary), SC
07:59:35 WARNING: No data found for (-79.925,32.7817) using max_dist=0.04.
07:59:35 WARNING: No data found for (-80.9017,32.0333) using max_dist=0.04.
07:59:38 INFO: [Found Land] Fernandina Beach, FL
07:59:40 INFO: [Found Land] Mayport (Bar Pilots Dock), FL
07:59:40 WARNING: No data found for (-81.5583,30.3867) using max_dist=0.04.
07:59:42 INFO: [Found Land] Southbank Riverwalk, St Johns River, FL
07:59:42 WARNING: No data found for (-81.6917,30.1917) using max_dist=0.04.
07:59:44 INFO: [Found Land] Red Bay Point, St Johns River, FL
07:59:47 INFO: [Found Land] Racy Point, St Johns River, FL
07:59:47 WARNING: No data found for (-80.5931,28.4158) using max_dist=0.04.
07:59:47 WARNING: No data found for (-80.0333,26.6117) using max_dist=0.04.
07:59:49 INFO: [Found Water] Virginia Key, FL
07:59:49 WARNING: No data found for (-81.105,24.7117) using max_dist=0.04.
07:59:49 WARNING: No data found for (-81.8079,24.5557) using max_dist=0.04.
07:59:51 INFO: [Found Land] Naples, FL
07:59:51 WARNING: No data found for (-81.8712,26.6477) using max_dist=0.04.
07:59:51 WARNING: No data found for (-82.5621,27.6387) using max_dist=0.04.
07:59:53 INFO: [Found Land] Mckay Bay Entrance, FL
07:59:56 INFO: [Found Land] Clearwater Beach, FL
07:59:58 INFO: [Found Water] Cedar Key, FL
07:59:58 WARNING: No data found for (-84.9817,29.7267) using max_dist=0.04.
07:59:58 WARNING: No data found for (-85.6669,30.1523) using max_dist=0.04.
07:59:58 WARNING: No data found for (-87.2112,30.4044) using max_dist=0.04.
07:59:58 INFO: [USEAST]: http://omgsrv1.meas.ncsu.edu:8080/thredds/dodsC/fmrc/us_east/US_East_Forecast_Model_Run_Collection_best.ncd
07:59:58 INFO: 00:00:39
07:59:58 INFO: 
[Reading url 3/10]: http://geoport.whoi.edu/thredds/dodsC/coawst_4/use/fmrc/coawst_4_use_best.ncd
08:00:23 INFO: Downloading model series to file 2014-09-06/2014-09-06-COAWST_4.nc.
08:00:28 INFO: [Found Land] Duck, NC
08:00:37 INFO: [Found Water] Oregon Inlet Marina, NC
08:00:42 INFO: [Found Water] Wrightsville Beach, NC
08:00:50 INFO: [Found Water] Springmaid Pier, SC
08:00:55 INFO: [Found Land] Oyster Landing (N Inlet Estuary), SC
08:01:00 INFO: [Found Land] Charleston, SC
08:01:05 INFO: [Found Land] Fort Pulaski, GA
08:01:09 INFO: [Found Land] Fernandina Beach, FL
08:01:14 INFO: [Found Land] Mayport (Bar Pilots Dock), FL
08:01:19 INFO: [Found Land] Dames Point, FL
08:01:24 INFO: [Found Land] Southbank Riverwalk, St Johns River, FL
08:01:29 INFO: [Found Land] I-295 Bridge, St Johns River, FL
08:01:35 INFO: [Found Land] Red Bay Point, St Johns River, FL
08:01:40 INFO: [Found Land] Racy Point, St Johns River, FL
08:01:45 INFO: [Found Land] Trident Pier, FL
08:01:56 INFO: [Found Water] Lake Worth Pier, FL
08:02:01 INFO: [Found Land] Virginia Key, FL
08:02:06 INFO: [Found Land] Vaca Key, FL
08:02:16 INFO: [Found Water] Key West, FL
08:02:22 INFO: [Found Land] Naples, FL
08:02:26 INFO: [Found Land] Fort Myers, FL
08:02:31 INFO: [Found Land] Port Manatee, FL
08:02:36 INFO: [Found Land] Mckay Bay Entrance, FL
08:02:41 INFO: [Found Land] Clearwater Beach, FL
08:02:51 INFO: [Found Water] Cedar Key, FL
08:02:55 INFO: [Found Water] Apalachicola, FL
08:03:00 INFO: [Found Water] Panama City, FL
08:03:05 INFO: [Found Water] Pensacola, FL
08:03:05 INFO: [COAWST_4]: http://geoport.whoi.edu/thredds/dodsC/coawst_4/use/fmrc/coawst_4_use_best.ncd
08:03:05 INFO: 00:03:06
08:03:05 INFO: 
[Reading url 4/10]: http://tds.marine.rutgers.edu/thredds/dodsC/roms/espresso/2013_da/his_Best/ESPRESSO_Real-Time_v2_History_Best_Available_best.ncd
08:03:17 INFO: Downloading model series to file 2014-09-06/2014-09-06-ESPRESSO.nc.
08:03:25 INFO: [Found Land] Duck, NC
08:03:27 INFO: [Found Water] Oregon Inlet Marina, NC
08:03:27 WARNING: No data found for (-77.7867,34.2133) using max_dist=0.04.
08:03:27 WARNING: No data found for (-78.9183,33.655) using max_dist=0.04.
08:03:27 WARNING: No data found for (-79.1867,33.3517) using max_dist=0.04.
08:03:27 WARNING: No data found for (-79.925,32.7817) using max_dist=0.04.
08:03:27 WARNING: No data found for (-80.9017,32.0333) using max_dist=0.04.
08:03:27 WARNING: No data found for (-81.465,30.6717) using max_dist=0.04.
08:03:27 WARNING: No data found for (-81.43,30.3967) using max_dist=0.04.
08:03:27 WARNING: No data found for (-81.5583,30.3867) using max_dist=0.04.
08:03:27 WARNING: No data found for (-81.6583,30.32) using max_dist=0.04.
08:03:27 WARNING: No data found for (-81.6917,30.1917) using max_dist=0.04.
08:03:27 WARNING: No data found for (-81.6283,29.9783) using max_dist=0.04.
08:03:27 WARNING: No data found for (-81.5483,29.8017) using max_dist=0.04.
08:03:27 WARNING: No data found for (-80.5931,28.4158) using max_dist=0.04.
08:03:27 WARNING: No data found for (-80.0333,26.6117) using max_dist=0.04.
08:03:27 WARNING: No data found for (-80.1618,25.7314) using max_dist=0.04.
08:03:27 WARNING: No data found for (-81.105,24.7117) using max_dist=0.04.
08:03:27 WARNING: No data found for (-81.8079,24.5557) using max_dist=0.04.
08:03:27 WARNING: No data found for (-81.8075,26.1317) using max_dist=0.04.
08:03:27 WARNING: No data found for (-81.8712,26.6477) using max_dist=0.04.
08:03:27 WARNING: No data found for (-82.5621,27.6387) using max_dist=0.04.
08:03:27 WARNING: No data found for (-82.425,27.9133) using max_dist=0.04.
08:03:27 WARNING: No data found for (-82.8317,27.9783) using max_dist=0.04.
08:03:27 WARNING: No data found for (-83.0317,29.135) using max_dist=0.04.
08:03:27 WARNING: No data found for (-84.9817,29.7267) using max_dist=0.04.
08:03:27 WARNING: No data found for (-85.6669,30.1523) using max_dist=0.04.
08:03:27 WARNING: No data found for (-87.2112,30.4044) using max_dist=0.04.
08:03:27 INFO: [ESPRESSO]: http://tds.marine.rutgers.edu/thredds/dodsC/roms/espresso/2013_da/his_Best/ESPRESSO_Real-Time_v2_History_Best_Available_best.ncd
08:03:27 INFO: 00:00:22
08:03:27 INFO: 
[Reading url 5/10]: http://oos.soest.hawaii.edu/thredds/dodsC/hioos/tide_pac
08:03:32 INFO: Downloading model series to file 2014-09-06/2014-09-06-BTMPB.nc.
08:03:33 WARNING: No data found for (-75.7467,36.1833) using max_dist=0.04.
08:03:33 WARNING: No data found for (-75.5483,35.795) using max_dist=0.04.
08:03:33 WARNING: No data found for (-77.7867,34.2133) using max_dist=0.04.
08:03:33 WARNING: No data found for (-78.9183,33.655) using max_dist=0.04.
08:03:33 WARNING: No data found for (-79.1867,33.3517) using max_dist=0.04.
08:03:33 WARNING: No data found for (-79.925,32.7817) using max_dist=0.04.
08:03:33 WARNING: No data found for (-80.9017,32.0333) using max_dist=0.04.
08:03:33 WARNING: No data found for (-81.465,30.6717) using max_dist=0.04.
08:03:33 WARNING: No data found for (-81.43,30.3967) using max_dist=0.04.
08:03:33 WARNING: No data found for (-81.5583,30.3867) using max_dist=0.04.
08:03:33 WARNING: No data found for (-81.6583,30.32) using max_dist=0.04.
08:03:33 WARNING: No data found for (-81.6917,30.1917) using max_dist=0.04.
08:03:33 WARNING: No data found for (-81.6283,29.9783) using max_dist=0.04.
08:03:33 WARNING: No data found for (-81.5483,29.8017) using max_dist=0.04.
08:03:33 WARNING: No data found for (-80.5931,28.4158) using max_dist=0.04.
08:03:33 WARNING: No data found for (-80.0333,26.6117) using max_dist=0.04.
08:03:33 WARNING: No data found for (-80.1618,25.7314) using max_dist=0.04.
08:03:33 WARNING: No data found for (-81.105,24.7117) using max_dist=0.04.
08:03:33 WARNING: No data found for (-81.8079,24.5557) using max_dist=0.04.
08:03:33 WARNING: No data found for (-81.8075,26.1317) using max_dist=0.04.
08:03:33 WARNING: No data found for (-81.8712,26.6477) using max_dist=0.04.
08:03:33 WARNING: No data found for (-82.5621,27.6387) using max_dist=0.04.
08:03:33 WARNING: No data found for (-82.425,27.9133) using max_dist=0.04.
08:03:33 WARNING: No data found for (-82.8317,27.9783) using max_dist=0.04.
08:03:33 WARNING: No data found for (-83.0317,29.135) using max_dist=0.04.
08:03:33 WARNING: No data found for (-84.9817,29.7267) using max_dist=0.04.
08:03:33 WARNING: No data found for (-85.6669,30.1523) using max_dist=0.04.
08:03:33 WARNING: No data found for (-87.2112,30.4044) using max_dist=0.04.
08:03:33 INFO: [BTMPB]: http://oos.soest.hawaii.edu/thredds/dodsC/hioos/tide_pac
08:03:33 INFO: 00:00:05
08:03:33 INFO: 
[Reading url 6/10]: http://opendap.co-ops.nos.noaa.gov/thredds/dodsC/TBOFS/fmrc/Aggregated_7_day_TBOFS_Fields_Forecast_best.ncd
08:03:53 WARNING: /home/filipe/.virtualenvs/iris/lib/python2.7/site-packages/iris/fileformats/cf.py:1038: UserWarning: Ignoring formula terms variable u'h' referenced by data variable u'Cs_r' via variable u's_rho': Dimensions (u'eta_rho', u'xi_rho') do not span (u's_rho',)
  warnings.warn(msg)

08:03:53 WARNING: /home/filipe/.virtualenvs/iris/lib/python2.7/site-packages/iris/fileformats/cf.py:1038: UserWarning: Ignoring formula terms variable u'zeta' referenced by data variable u'Cs_r' via variable u's_rho': Dimensions (u'time', u'eta_rho', u'xi_rho') do not span (u's_rho',)
  warnings.warn(msg)

08:03:53 WARNING: /home/filipe/.virtualenvs/iris/lib/python2.7/site-packages/iris/fileformats/cf.py:1038: UserWarning: Ignoring formula terms variable u'h' referenced by data variable u'Cs_w' via variable u's_w': Dimensions (u'eta_rho', u'xi_rho') do not span (u's_w',)
  warnings.warn(msg)

08:03:53 WARNING: /home/filipe/.virtualenvs/iris/lib/python2.7/site-packages/iris/fileformats/cf.py:1038: UserWarning: Ignoring formula terms variable u'zeta' referenced by data variable u'Cs_w' via variable u's_w': Dimensions (u'time', u'eta_rho', u'xi_rho') do not span (u's_w',)
  warnings.warn(msg)

08:04:05 WARNING: Cannot get cube for: http://opendap.co-ops.nos.noaa.gov/thredds/dodsC/TBOFS/fmrc/Aggregated_7_day_TBOFS_Fields_Forecast_best.ncd
istart must be different from istop.  Got istart 0 and istop 0
08:04:05 INFO: 00:00:32
08:04:05 INFO: 
[Reading url 7/10]: http://oos.soest.hawaii.edu/thredds/dodsC/pacioos/hycom/global
08:04:08 INFO: Downloading model series to file 2014-09-06/2014-09-06-HYCOM.nc.
08:04:11 INFO: [Found Land] Duck, NC
08:04:14 INFO: [Found Water] Oregon Inlet Marina, NC
08:04:18 INFO: [Found Water] Wrightsville Beach, NC
08:04:18 WARNING: No data found for (-78.9183,33.655) using max_dist=0.04.
08:04:20 INFO: [Found Land] Oyster Landing (N Inlet Estuary), SC
08:04:25 INFO: [Found Land] Charleston, SC
08:04:28 INFO: [Found Land] Fort Pulaski, GA
08:04:31 INFO: [Found Land] Fernandina Beach, FL
08:04:35 INFO: [Found Land] Mayport (Bar Pilots Dock), FL
08:04:38 INFO: [Found Land] Dames Point, FL
08:04:40 INFO: [Found Land] Southbank Riverwalk, St Johns River, FL
08:04:45 INFO: [Found Land] I-295 Bridge, St Johns River, FL
08:04:47 INFO: [Found Land] Red Bay Point, St Johns River, FL
08:04:47 WARNING: No data found for (-81.5483,29.8017) using max_dist=0.04.
08:04:50 INFO: [Found Land] Trident Pier, FL
08:04:53 INFO: [Found Water] Lake Worth Pier, FL
08:04:55 INFO: [Found Land] Virginia Key, FL
08:04:58 INFO: [Found Land] Vaca Key, FL
08:05:01 INFO: [Found Land] Key West, FL
08:05:01 WARNING: No data found for (-81.8075,26.1317) using max_dist=0.04.
08:05:03 INFO: [Found Land] Fort Myers, FL
08:05:06 INFO: [Found Land] Port Manatee, FL
08:05:09 INFO: [Found Land] Mckay Bay Entrance, FL
08:05:09 WARNING: No data found for (-82.8317,27.9783) using max_dist=0.04.
08:05:14 INFO: [Found Land] Cedar Key, FL
08:05:19 INFO: [Found Land] Apalachicola, FL
08:05:23 INFO: [Found Land] Panama City, FL
08:05:29 INFO: [Found Land] Pensacola, FL
08:05:29 INFO: [HYCOM]: http://oos.soest.hawaii.edu/thredds/dodsC/pacioos/hycom/global
08:05:29 INFO: 00:01:23
08:05:29 INFO: 
[Reading url 8/10]: http://opendap.co-ops.nos.noaa.gov/thredds/dodsC/CBOFS/fmrc/Aggregated_7_day_CBOFS_Fields_Forecast_best.ncd
08:06:59 WARNING: Cannot get cube for: http://opendap.co-ops.nos.noaa.gov/thredds/dodsC/CBOFS/fmrc/Aggregated_7_day_CBOFS_Fields_Forecast_best.ncd
NetCDF: DAP server error
08:06:59 INFO: 00:01:30
08:06:59 INFO: 
[Reading url 9/10]: http://geoport-dev.whoi.edu/thredds/dodsC/estofs/atlantic
08:07:00 WARNING: /home/filipe/.virtualenvs/iris/lib/python2.7/site-packages/iris/fileformats/_pyke_rules/compiled_krb/fc_rules_cf_fc.py:1195: UserWarning: Ignoring netCDF variable 'nbdv' invalid units 'nondimensional'
  warnings.warn(msg.format(msg_name, msg_units))

08:07:01 WARNING: /home/filipe/.virtualenvs/iris/lib/python2.7/site-packages/iris/fileformats/_pyke_rules/compiled_krb/fc_rules_cf_fc.py:1195: UserWarning: Ignoring netCDF variable 'neta' invalid units 'nondimensional'
  warnings.warn(msg.format(msg_name, msg_units))

08:07:01 WARNING: /home/filipe/.virtualenvs/iris/lib/python2.7/site-packages/iris/fileformats/_pyke_rules/compiled_krb/fc_rules_cf_fc.py:1195: UserWarning: Ignoring netCDF variable 'ibtypee' invalid units 'nondimensional'
  warnings.warn(msg.format(msg_name, msg_units))

08:07:01 WARNING: /home/filipe/.virtualenvs/iris/lib/python2.7/site-packages/iris/fileformats/_pyke_rules/compiled_krb/fc_rules_cf_fc.py:1195: UserWarning: Ignoring netCDF variable 'nvell' invalid units 'nondimensional'
  warnings.warn(msg.format(msg_name, msg_units))

08:07:01 WARNING: /home/filipe/.virtualenvs/iris/lib/python2.7/site-packages/iris/fileformats/_pyke_rules/compiled_krb/fc_rules_cf_fc.py:1195: UserWarning: Ignoring netCDF variable 'ibtype' invalid units 'nondimensional'
  warnings.warn(msg.format(msg_name, msg_units))

08:07:01 WARNING: /home/filipe/.virtualenvs/iris/lib/python2.7/site-packages/iris/fileformats/_pyke_rules/compiled_krb/fc_rules_cf_fc.py:1195: UserWarning: Ignoring netCDF variable 'nbvv' invalid units 'nondimensional'
  warnings.warn(msg.format(msg_name, msg_units))

08:07:01 WARNING: /home/filipe/.virtualenvs/iris/lib/python2.7/site-packages/iris/fileformats/_pyke_rules/compiled_krb/fc_rules_cf_fc.py:1195: UserWarning: Ignoring netCDF variable 'nvel' invalid units 'nondimensional'
  warnings.warn(msg.format(msg_name, msg_units))

08:07:01 WARNING: /home/filipe/.virtualenvs/iris/lib/python2.7/site-packages/iris/fileformats/_pyke_rules/compiled_krb/fc_rules_cf_fc.py:1195: UserWarning: Ignoring netCDF variable 'nvdll' invalid units 'nondimensional'
  warnings.warn(msg.format(msg_name, msg_units))

08:07:13 INFO: Downloading model series to file 2014-09-06/2014-09-06-ESTOFS.nc.
08:07:21 INFO: [Found Water] Duck, NC
08:07:25 INFO: [Found Water] Oregon Inlet Marina, NC
08:07:35 INFO: [Found Water] Wrightsville Beach, NC
08:07:47 INFO: [Found Water] Springmaid Pier, SC
08:07:51 INFO: [Found Water] Oyster Landing (N Inlet Estuary), SC
08:07:51 WARNING: No data found for (-79.925,32.7817) using max_dist=0.04.
08:07:56 INFO: [Found Water] Fort Pulaski, GA
08:07:58 INFO: [Found Water] Fernandina Beach, FL
08:08:01 INFO: [Found Water] Mayport (Bar Pilots Dock), FL
08:08:01 WARNING: No data found for (-81.5583,30.3867) using max_dist=0.04.
08:08:01 WARNING: No data found for (-81.6583,30.32) using max_dist=0.04.
08:08:01 WARNING: No data found for (-81.6917,30.1917) using max_dist=0.04.
08:08:01 WARNING: No data found for (-81.6283,29.9783) using max_dist=0.04.
08:08:01 WARNING: No data found for (-81.5483,29.8017) using max_dist=0.04.
08:08:07 INFO: [Found Water] Trident Pier, FL
08:08:14 INFO: [Found Water] Lake Worth Pier, FL
08:08:24 INFO: [Found Water] Virginia Key, FL
08:08:37 INFO: [Found Water] Vaca Key, FL
08:08:46 INFO: [Found Water] Key West, FL
08:08:56 INFO: [Found Water] Naples, FL
08:08:56 WARNING: No data found for (-81.8712,26.6477) using max_dist=0.04.
08:09:10 INFO: [Found Water] Port Manatee, FL
08:09:15 INFO: [Found Water] Mckay Bay Entrance, FL
08:09:24 INFO: [Found Water] Clearwater Beach, FL
08:09:36 INFO: [Found Water] Cedar Key, FL
08:09:47 INFO: [Found Water] Apalachicola, FL
08:09:47 WARNING: No data found for (-85.6669,30.1523) using max_dist=0.04.
08:09:47 WARNING: No data found for (-87.2112,30.4044) using max_dist=0.04.
08:09:47 INFO: [ESTOFS]: http://geoport-dev.whoi.edu/thredds/dodsC/estofs/atlantic
08:09:47 INFO: 00:02:48
08:09:47 INFO: 
[Reading url 10/10]: http://www.smast.umassd.edu:8080/thredds/dodsC/FVCOM/NECOFS/Forecasts/NECOFS_GOM3_FORECAST.nc
08:09:47 INFO: 00:00:00
08:09:50 WARNING: -c:16: SettingWithCopyWarning: A value is trying to be set on a copy of a slice from a DataFrame

08:10:16 INFO: 896.165364027
08:10:16 INFO: EOF
