07:53:39 INFO: ************************Run information*************************
07:53:39 INFO: Run date: 2014-09-23 22:53:39
07:53:39 INFO: Download start: 2014-09-13 12:00:00
07:53:39 INFO: Download stop: 2014-09-20 12:00:00
07:53:39 INFO: Bounding box: -87.40, 24.25,-74.70, 36.70
07:53:39 INFO: ************************Software version************************
07:53:39 INFO: Iris version: 1.8.0-DEV
07:53:39 INFO: owslib version: 0.8.8
07:53:39 INFO: pyoos version: 0.6.2
07:54:04 INFO: **********************Catalog information***********************
07:54:04 INFO: URL: http://www.ngdc.noaa.gov/geoportal/csw
07:54:04 INFO: CSW version: 2.0.2
07:54:04 INFO: Number of datasets available: 15
07:54:04 INFO: ****************************CSW URLs****************************
07:54:04 INFO: CSW: USF FVCOM - Nowcast Aggregation
07:54:04 INFO: CSW: ROMS/TOMS 3.0 - South-Atlantic Bight and Gulf of Mexico
07:54:04 INFO: CSW: USEAST
07:54:04 INFO: CSW: Directional wave and sea surface temperature measurements collected in situ by Datawell Mark 3 directional buoy located near POINT REYES, CA from 2013/10/16 21:00:00 to 2014/09/05 11:59:59.
07:54:04 INFO: CSW: Directional wave and sea surface temperature measurements collected in situ by Datawell Mark 3 directional buoy located near POINT LOMA SOUTH, CA from 2013/08/12 20:00:00 to 2014/09/10 07:59:59.
07:54:04 INFO: CSW: Directional wave and sea surface temperature measurements collected in situ by Datawell Waverider buoys located near MOKAPU POINT, HI from 2000/08/09 to 2014/09/10.
07:54:04 INFO: CSW: ROMS ESPRESSO Real-Time Operational IS4DVAR Forecast System Version 2 (NEW) 2013-present FMRC History (Best)
07:54:04 INFO: CSW: Barotropic Tide Model for the Pacific Basin
07:54:04 INFO: CSW: TBOFS - Tampa Bay Operational Forecast System - NOAA CO-OPS - POM
07:54:04 INFO: CSW: NDBC Standard Meteorological Buoy Data
07:54:04 INFO: CSW: Directional wave and sea surface temperature measurements collected in situ by Datawell Waverider buoys located near POINT REYES, CA from 1996/12/06 to 2014/09/05.
07:54:04 INFO: CSW: HYbrid Coordinate Ocean Model (HYCOM): Global
07:54:04 INFO: CSW: CBOFS - Chesapeake Bay Operational Forecast System - NOAA CO-OPS - POM
07:54:04 INFO: CSW: ESTOFS Storm Surge Model - Atlantic - v1.0.0 - NOAA - NCEP - ADCIRC
07:54:04 INFO: CSW: NECOFS GOM3 (FVCOM) - Northeast US - Latest Forecast
07:54:04 INFO: ****************************DAP URLs****************************
07:54:04 INFO: DAP: http://crow.marine.usf.edu:8080/thredds/dodsC/FVCOM-Nowcast-Agg.nc.html
07:54:04 INFO: DAP: http://geoport-dev.whoi.edu/thredds/dodsC/estofs/atlantic.html
07:54:04 INFO: DAP: http://omgsrv1.meas.ncsu.edu:8080/thredds/dodsC/fmrc/sabgom/SABGOM_Forecast_Model_Run_Collection_best.ncd.html
07:54:04 INFO: DAP: http://omgsrv1.meas.ncsu.edu:8080/thredds/dodsC/fmrc/us_east/US_East_Forecast_Model_Run_Collection_best.ncd.html
07:54:04 INFO: DAP: http://oos.soest.hawaii.edu/thredds/dodsC/hioos/tide_pac.html
07:54:04 INFO: DAP: http://oos.soest.hawaii.edu/thredds/dodsC/pacioos/hycom/global.html
07:54:04 INFO: DAP: http://opendap.co-ops.nos.noaa.gov/thredds/dodsC/CBOFS/fmrc/Aggregated_7_day_CBOFS_Fields_Forecast_best.ncd.html
07:54:04 INFO: DAP: http://opendap.co-ops.nos.noaa.gov/thredds/dodsC/TBOFS/fmrc/Aggregated_7_day_TBOFS_Fields_Forecast_best.ncd.html
07:54:04 INFO: DAP: http://tds.marine.rutgers.edu/thredds/dodsC/roms/espresso/2013_da/his_Best/ESPRESSO_Real-Time_v2_History_Best_Available_best.ncd.html
07:54:04 INFO: DAP: http://thredds.cdip.ucsd.edu/thredds/dodsC/cdip/archive/029p1/029p1_d19.nc.html
07:54:04 INFO: DAP: http://thredds.cdip.ucsd.edu/thredds/dodsC/cdip/archive/029p1/029p1_historic.nc.html
07:54:04 INFO: DAP: http://thredds.cdip.ucsd.edu/thredds/dodsC/cdip/archive/098p1/098p1_historic.nc.html
07:54:04 INFO: DAP: http://thredds.cdip.ucsd.edu/thredds/dodsC/cdip/archive/191p1/191p1_d12.nc.html
07:54:04 INFO: DAP: http://www.smast.umassd.edu:8080/thredds/dodsC/FVCOM/NECOFS/Forecasts/NECOFS_GOM3_FORECAST.nc.html
07:54:04 INFO: ****************************SOS URLs****************************
07:54:04 INFO: SOS: http://thredds.cdip.ucsd.edu/thredds/sos/cdip/archive/029p1/029p1_d19.nc?service=SOS&version=1.0.0&request=GetCapabilities
07:54:04 INFO: SOS: http://thredds.cdip.ucsd.edu/thredds/sos/cdip/archive/029p1/029p1_historic.nc?service=SOS&version=1.0.0&request=GetCapabilities
07:54:04 INFO: SOS: http://thredds.cdip.ucsd.edu/thredds/sos/cdip/archive/098p1/098p1_historic.nc?service=SOS&version=1.0.0&request=GetCapabilities
07:54:04 INFO: SOS: http://thredds.cdip.ucsd.edu/thredds/sos/cdip/archive/191p1/191p1_d12.nc?service=SOS&version=1.0.0&request=GetCapabilities
07:54:36 INFO: **********************Collector offerings***********************
07:54:36 INFO: NOAA.NOS.CO-OPS SOS: 1025 offerings
07:54:39 INFO: SOS URL request: http://opendap.co-ops.nos.noaa.gov/ioos-dif-sos/SOS?eventTime=2014-09-13T12%3A00%3A00Z&service=SOS&offering=urn%3Aioos%3Anetwork%3ANOAA.NOS.CO-OPS%3AWaterLevelActive&request=GetObservation&version=1.0.0&responseFormat=text%2Fcsv&featureOfInterest=BBOX%3A-87.4%2C24.25%2C-74.7%2C36.7&observedProperty=water_surface_height_above_reference_datum
07:55:32 INFO: ******************Observations (station data)*******************
07:55:32 INFO: *****Downloading to file 2014-09-20/2014-09-20-OBS_DATA.nc******
07:55:59 WARNING: [8656483] Beaufort, NC:
'Wrong Datum for this station: The correct Datum values are: MHHW, MHW, MTL, MSL, MLW, MLLW, STND'
07:56:01 WARNING: [8658120] Wilmington, NC:
'Wrong Datum for this station: The correct Datum values are: MHHW, MHW, MTL, MSL, MLW, MLLW, STND'
07:58:13 WARNING: [8726520] St Petersburg, FL:
'Wrong Datum for this station: The correct Datum values are: MHHW, MHW, MTL, MSL, MLW, MLLW, STND'
07:58:14 WARNING: [8726607] Old Port Tampa, FL:
'Wrong Datum for this station: The correct Datum values are: MHHW, MHW, MTL, MSL, MLW, MLLW, STND'
07:58:31 WARNING: [8729210] Panama City Beach, FL:
'Wrong Datum for this station: The correct Datum values are: MHHW, MHW, MTL, MSL, MLW, MLLW, STND'
07:58:38 INFO: ********************Models (simulated data)*********************
07:58:38 INFO: 
[Reading url 1/14]: http://crow.marine.usf.edu:8080/thredds/dodsC/FVCOM-Nowcast-Agg.nc
07:58:39 WARNING: /home/filipe/.virtualenvs/iris/lib/python2.7/site-packages/iris/fileformats/cf.py:1004: UserWarning: Ignoring variable u'lat' referenced by variable u'hc': Dimensions (u'node',) do not span (u'nele',)
  warnings.warn(msg)

07:58:39 WARNING: /home/filipe/.virtualenvs/iris/lib/python2.7/site-packages/iris/fileformats/cf.py:1004: UserWarning: Ignoring variable u'lon' referenced by variable u'hc': Dimensions (u'node',) do not span (u'nele',)
  warnings.warn(msg)

07:58:39 WARNING: /home/filipe/.virtualenvs/iris/lib/python2.7/site-packages/iris/fileformats/cf.py:1004: UserWarning: Ignoring variable u'siglay' referenced by variable u'u': Dimensions (u'siglay', u'node') do not span (u'time', u'siglay', u'nele')
  warnings.warn(msg)

07:58:39 WARNING: /home/filipe/.virtualenvs/iris/lib/python2.7/site-packages/iris/fileformats/cf.py:1004: UserWarning: Ignoring variable u'siglay' referenced by variable u'v': Dimensions (u'siglay', u'node') do not span (u'time', u'siglay', u'nele')
  warnings.warn(msg)

07:58:40 WARNING: /home/filipe/.virtualenvs/iris/lib/python2.7/site-packages/iris/fileformats/_pyke_rules/compiled_krb/fc_rules_cf_fc.py:1337: UserWarning: Failed to create 'time' dimension coordinate: The points array must be strictly monotonic.
Gracefully creating 'time' auxiliary coordinate instead.
  error=e_msg))

07:58:40 WARNING: /home/filipe/.virtualenvs/iris/lib/python2.7/site-packages/iris/fileformats/_pyke_rules/compiled_krb/fc_rules_cf_fc.py:1196: UserWarning: Ignoring netCDF variable 'Itime2' invalid units 'msecs since 00:00:00'
  warnings.warn(msg.format(msg_name, msg_units))

07:58:40 WARNING: /home/filipe/.virtualenvs/iris/lib/python2.7/site-packages/iris/fileformats/_pyke_rules/compiled_krb/fc_rules_cf_fc.py:1196: UserWarning: Ignoring netCDF variable 'salinity' invalid units 'psu'
  warnings.warn(msg.format(msg_name, msg_units))

07:58:40 WARNING: Cannot get cube for: http://crow.marine.usf.edu:8080/thredds/dodsC/FVCOM-Nowcast-Agg.nc
Cube does not contain ['water level', 'sea_surface_height', 'sea_surface_elevation', 'sea_surface_height_above_geoid', 'sea_surface_height_above_sea_level', 'water_surface_height_above_reference_datum', 'sea_surface_height_above_reference_ellipsoid']
07:58:40 INFO: 00:00:01
07:58:40 INFO: 
[Reading url 2/14]: http://geoport-dev.whoi.edu/thredds/dodsC/estofs/atlantic
07:58:41 WARNING: /home/filipe/.virtualenvs/iris/lib/python2.7/site-packages/iris/fileformats/_pyke_rules/compiled_krb/fc_rules_cf_fc.py:1196: UserWarning: Ignoring netCDF variable 'nbdv' invalid units 'nondimensional'
  warnings.warn(msg.format(msg_name, msg_units))

07:58:41 WARNING: /home/filipe/.virtualenvs/iris/lib/python2.7/site-packages/iris/fileformats/_pyke_rules/compiled_krb/fc_rules_cf_fc.py:1196: UserWarning: Ignoring netCDF variable 'neta' invalid units 'nondimensional'
  warnings.warn(msg.format(msg_name, msg_units))

07:58:42 WARNING: /home/filipe/.virtualenvs/iris/lib/python2.7/site-packages/iris/fileformats/_pyke_rules/compiled_krb/fc_rules_cf_fc.py:1196: UserWarning: Ignoring netCDF variable 'ibtypee' invalid units 'nondimensional'
  warnings.warn(msg.format(msg_name, msg_units))

07:58:42 WARNING: /home/filipe/.virtualenvs/iris/lib/python2.7/site-packages/iris/fileformats/_pyke_rules/compiled_krb/fc_rules_cf_fc.py:1196: UserWarning: Ignoring netCDF variable 'nvell' invalid units 'nondimensional'
  warnings.warn(msg.format(msg_name, msg_units))

07:58:42 WARNING: /home/filipe/.virtualenvs/iris/lib/python2.7/site-packages/iris/fileformats/_pyke_rules/compiled_krb/fc_rules_cf_fc.py:1196: UserWarning: Ignoring netCDF variable 'ibtype' invalid units 'nondimensional'
  warnings.warn(msg.format(msg_name, msg_units))

07:58:42 WARNING: /home/filipe/.virtualenvs/iris/lib/python2.7/site-packages/iris/fileformats/_pyke_rules/compiled_krb/fc_rules_cf_fc.py:1196: UserWarning: Ignoring netCDF variable 'nbvv' invalid units 'nondimensional'
  warnings.warn(msg.format(msg_name, msg_units))

07:58:42 WARNING: /home/filipe/.virtualenvs/iris/lib/python2.7/site-packages/iris/fileformats/_pyke_rules/compiled_krb/fc_rules_cf_fc.py:1196: UserWarning: Ignoring netCDF variable 'nvel' invalid units 'nondimensional'
  warnings.warn(msg.format(msg_name, msg_units))

07:58:42 WARNING: /home/filipe/.virtualenvs/iris/lib/python2.7/site-packages/iris/fileformats/_pyke_rules/compiled_krb/fc_rules_cf_fc.py:1196: UserWarning: Ignoring netCDF variable 'nvdll' invalid units 'nondimensional'
  warnings.warn(msg.format(msg_name, msg_units))

07:58:58 INFO: ******Downloading to file 2014-09-20/2014-09-20-ESTOFS.nc*******
07:59:05 INFO: [Found Water] Duck, NC
07:59:10 INFO: [Found Water] Oregon Inlet Marina, NC
07:59:20 INFO: [Found Water] Wrightsville Beach, NC
07:59:33 INFO: [Found Water] Springmaid Pier, SC
07:59:37 INFO: [Found Water] Oyster Landing (N Inlet Estuary), SC
07:59:37 WARNING: No data found for (-79.925,32.7817) using max_dist=0.04.
07:59:41 INFO: [Found Water] Fort Pulaski, GA
07:59:44 INFO: [Found Water] Fernandina Beach, FL
07:59:47 INFO: [Found Water] Mayport (Bar Pilots Dock), FL
07:59:47 WARNING: No data found for (-81.5583,30.3867) using max_dist=0.04.
07:59:47 WARNING: No data found for (-81.6583,30.32) using max_dist=0.04.
07:59:47 WARNING: No data found for (-81.6917,30.1917) using max_dist=0.04.
07:59:47 WARNING: No data found for (-81.6283,29.9783) using max_dist=0.04.
07:59:47 WARNING: No data found for (-81.5483,29.8017) using max_dist=0.04.
07:59:53 INFO: [Found Water] Trident Pier, FL
08:00:01 INFO: [Found Water] Lake Worth Pier, FL
08:00:11 INFO: [Found Water] Virginia Key, FL
08:00:28 INFO: [Found Water] Vaca Key, FL
08:00:40 INFO: [Found Water] Key West, FL
08:00:51 INFO: [Found Water] Naples, FL
08:00:51 WARNING: No data found for (-81.8712,26.6477) using max_dist=0.04.
08:01:04 INFO: [Found Water] Port Manatee, FL
08:01:10 INFO: [Found Water] Mckay Bay Entrance, FL
08:01:23 INFO: [Found Water] Cedar Key, FL
08:01:35 INFO: [Found Water] Apalachicola, FL
08:01:35 WARNING: No data found for (-85.6669,30.1523) using max_dist=0.04.
08:01:35 WARNING: No data found for (-87.2112,30.4044) using max_dist=0.04.
08:01:36 INFO: 00:02:55
08:01:36 INFO: [ESTOFS]: http://geoport-dev.whoi.edu/thredds/dodsC/estofs/atlantic
08:01:36 INFO: 
[Reading url 3/14]: http://omgsrv1.meas.ncsu.edu:8080/thredds/dodsC/fmrc/sabgom/SABGOM_Forecast_Model_Run_Collection_best.ncd
08:01:38 WARNING: /home/filipe/.virtualenvs/iris/lib/python2.7/site-packages/iris/fileformats/cf.py:1038: UserWarning: Ignoring formula terms variable u'h' referenced by data variable u'v' via variable u's_rho': Dimensions (u'eta_rho', u'xi_rho') do not span (u'time', u's_rho', u'eta_v', u'xi_v')
  warnings.warn(msg)

08:01:38 WARNING: /home/filipe/.virtualenvs/iris/lib/python2.7/site-packages/iris/fileformats/cf.py:1038: UserWarning: Ignoring formula terms variable u'zeta' referenced by data variable u'v' via variable u's_rho': Dimensions (u'time', u'eta_rho', u'xi_rho') do not span (u'time', u's_rho', u'eta_v', u'xi_v')
  warnings.warn(msg)

08:01:38 WARNING: /home/filipe/.virtualenvs/iris/lib/python2.7/site-packages/iris/fileformats/cf.py:1038: UserWarning: Ignoring formula terms variable u'h' referenced by data variable u'u' via variable u's_rho': Dimensions (u'eta_rho', u'xi_rho') do not span (u'time', u's_rho', u'eta_u', u'xi_u')
  warnings.warn(msg)

08:01:38 WARNING: /home/filipe/.virtualenvs/iris/lib/python2.7/site-packages/iris/fileformats/cf.py:1038: UserWarning: Ignoring formula terms variable u'zeta' referenced by data variable u'u' via variable u's_rho': Dimensions (u'time', u'eta_rho', u'xi_rho') do not span (u'time', u's_rho', u'eta_u', u'xi_u')
  warnings.warn(msg)

08:01:38 WARNING: /home/filipe/.virtualenvs/iris/lib/python2.7/site-packages/iris/fileformats/_pyke_rules/compiled_krb/fc_rules_cf_fc.py:1196: UserWarning: Ignoring netCDF variable 'chlorophyll' invalid units 'milligrams_chlorophyll meter-3'
  warnings.warn(msg.format(msg_name, msg_units))

08:01:38 WARNING: /home/filipe/.virtualenvs/iris/lib/python2.7/site-packages/iris/fileformats/_pyke_rules/compiled_krb/fc_rules_cf_fc.py:1291: UserWarning: Gracefully filling 'time' dimension coordinate masked points
  warnings.warn(msg.format(str(cf_coord_var.cf_name)))

08:01:38 WARNING: /home/filipe/.virtualenvs/iris/lib/python2.7/site-packages/iris/fileformats/_pyke_rules/compiled_krb/fc_rules_cf_fc.py:1196: UserWarning: Ignoring netCDF variable 'phytoplankton' invalid units 'millimole_nitrogen meter-3'
  warnings.warn(msg.format(msg_name, msg_units))

08:01:38 WARNING: /home/filipe/.virtualenvs/iris/lib/python2.7/site-packages/iris/fileformats/_pyke_rules/compiled_krb/fc_rules_cf_fc.py:1196: UserWarning: Ignoring netCDF variable 'NO3' invalid units 'millimole_N03 meter-3'
  warnings.warn(msg.format(msg_name, msg_units))

08:01:38 WARNING: /home/filipe/.virtualenvs/iris/lib/python2.7/site-packages/iris/fileformats/_pyke_rules/compiled_krb/fc_rules_cf_fc.py:1196: UserWarning: Ignoring netCDF variable 'zooplankton' invalid units 'millimole_nitrogen meter-3'
  warnings.warn(msg.format(msg_name, msg_units))

08:01:38 WARNING: /home/filipe/.virtualenvs/iris/lib/python2.7/site-packages/iris/fileformats/_pyke_rules/compiled_krb/fc_rules_cf_fc.py:1196: UserWarning: Ignoring netCDF variable 'NH4' invalid units 'millimole_NH4 meter-3'
  warnings.warn(msg.format(msg_name, msg_units))

08:01:48 INFO: ******Downloading to file 2014-09-20/2014-09-20-SABGOM.nc*******
08:01:54 INFO: [Found Water] Duck, NC
08:01:57 INFO: [Found Land] Oregon Inlet Marina, NC
08:02:00 INFO: [Found Water] Wrightsville Beach, NC
08:02:02 INFO: [Found Water] Springmaid Pier, SC
08:02:04 INFO: [Found Land] Oyster Landing (N Inlet Estuary), SC
08:02:06 INFO: [Found Land] Charleston, SC
08:02:08 INFO: [Found Land] Fort Pulaski, GA
08:02:11 INFO: [Found Land] Fernandina Beach, FL
08:02:13 INFO: [Found Land] Mayport (Bar Pilots Dock), FL
08:02:15 INFO: [Found Land] Dames Point, FL
08:02:17 INFO: [Found Land] Southbank Riverwalk, St Johns River, FL
08:02:20 INFO: [Found Land] I-295 Bridge, St Johns River, FL
08:02:22 INFO: [Found Land] Red Bay Point, St Johns River, FL
08:02:28 INFO: [Found Land] Racy Point, St Johns River, FL
08:02:33 INFO: [Found Land] Trident Pier, FL
08:02:38 INFO: [Found Land] Lake Worth Pier, FL
08:02:40 INFO: [Found Water] Virginia Key, FL
08:02:45 INFO: [Found Land] Vaca Key, FL
08:02:48 INFO: [Found Water] Key West, FL
08:02:50 INFO: [Found Land] Naples, FL
08:02:52 INFO: [Found Land] Fort Myers, FL
08:02:56 INFO: [Found Land] Port Manatee, FL
08:03:00 INFO: [Found Land] Mckay Bay Entrance, FL
08:03:02 INFO: [Found Water] Cedar Key, FL
08:03:05 INFO: [Found Land] Apalachicola, FL
08:03:07 INFO: [Found Land] Panama City, FL
08:03:09 INFO: [Found Land] Pensacola, FL
08:03:09 INFO: 00:01:33
08:03:09 INFO: [SABGOM]: http://omgsrv1.meas.ncsu.edu:8080/thredds/dodsC/fmrc/sabgom/SABGOM_Forecast_Model_Run_Collection_best.ncd
08:03:09 INFO: 
[Reading url 4/14]: http://omgsrv1.meas.ncsu.edu:8080/thredds/dodsC/fmrc/us_east/US_East_Forecast_Model_Run_Collection_best.ncd
08:03:24 INFO: ******Downloading to file 2014-09-20/2014-09-20-USEAST.nc*******
08:03:24 WARNING: No data found for (-75.7467,36.1833) using max_dist=0.04.
08:03:24 WARNING: No data found for (-75.5483,35.795) using max_dist=0.04.
08:03:24 WARNING: No data found for (-77.7867,34.2133) using max_dist=0.04.
08:03:28 INFO: [Found Water] Springmaid Pier, SC
08:03:30 INFO: [Found Land] Oyster Landing (N Inlet Estuary), SC
08:03:30 WARNING: No data found for (-79.925,32.7817) using max_dist=0.04.
08:03:30 WARNING: No data found for (-80.9017,32.0333) using max_dist=0.04.
08:03:33 INFO: [Found Land] Fernandina Beach, FL
08:03:35 INFO: [Found Land] Mayport (Bar Pilots Dock), FL
08:03:35 WARNING: No data found for (-81.5583,30.3867) using max_dist=0.04.
08:03:38 INFO: [Found Land] Southbank Riverwalk, St Johns River, FL
08:03:38 WARNING: No data found for (-81.6917,30.1917) using max_dist=0.04.
08:03:40 INFO: [Found Land] Red Bay Point, St Johns River, FL
08:03:43 INFO: [Found Land] Racy Point, St Johns River, FL
08:03:43 WARNING: No data found for (-80.5931,28.4158) using max_dist=0.04.
08:03:43 WARNING: No data found for (-80.0333,26.6117) using max_dist=0.04.
08:03:45 INFO: [Found Water] Virginia Key, FL
08:03:45 WARNING: No data found for (-81.105,24.7117) using max_dist=0.04.
08:03:45 WARNING: No data found for (-81.8079,24.5557) using max_dist=0.04.
08:03:48 INFO: [Found Land] Naples, FL
08:03:48 WARNING: No data found for (-81.8712,26.6477) using max_dist=0.04.
08:03:48 WARNING: No data found for (-82.5621,27.6387) using max_dist=0.04.
08:03:50 INFO: [Found Land] Mckay Bay Entrance, FL
08:03:53 INFO: [Found Water] Cedar Key, FL
08:03:53 WARNING: No data found for (-84.9817,29.7267) using max_dist=0.04.
08:03:53 WARNING: No data found for (-85.6669,30.1523) using max_dist=0.04.
08:03:53 WARNING: No data found for (-87.2112,30.4044) using max_dist=0.04.
08:03:53 INFO: 00:00:43
08:03:53 INFO: [USEAST]: http://omgsrv1.meas.ncsu.edu:8080/thredds/dodsC/fmrc/us_east/US_East_Forecast_Model_Run_Collection_best.ncd
08:03:53 INFO: 
[Reading url 5/14]: http://oos.soest.hawaii.edu/thredds/dodsC/hioos/tide_pac
08:03:57 INFO: *******Downloading to file 2014-09-20/2014-09-20-BTMPB.nc*******
08:03:57 WARNING: No data found for (-75.7467,36.1833) using max_dist=0.04.
08:03:57 WARNING: No data found for (-75.5483,35.795) using max_dist=0.04.
08:03:57 WARNING: No data found for (-77.7867,34.2133) using max_dist=0.04.
08:03:57 WARNING: No data found for (-78.9183,33.655) using max_dist=0.04.
08:03:57 WARNING: No data found for (-79.1867,33.3517) using max_dist=0.04.
08:03:57 WARNING: No data found for (-79.925,32.7817) using max_dist=0.04.
08:03:57 WARNING: No data found for (-80.9017,32.0333) using max_dist=0.04.
08:03:57 WARNING: No data found for (-81.465,30.6717) using max_dist=0.04.
08:03:57 WARNING: No data found for (-81.43,30.3967) using max_dist=0.04.
08:03:57 WARNING: No data found for (-81.5583,30.3867) using max_dist=0.04.
08:03:57 WARNING: No data found for (-81.6583,30.32) using max_dist=0.04.
08:03:57 WARNING: No data found for (-81.6917,30.1917) using max_dist=0.04.
08:03:57 WARNING: No data found for (-81.6283,29.9783) using max_dist=0.04.
08:03:57 WARNING: No data found for (-81.5483,29.8017) using max_dist=0.04.
08:03:57 WARNING: No data found for (-80.5931,28.4158) using max_dist=0.04.
08:03:57 WARNING: No data found for (-80.0333,26.6117) using max_dist=0.04.
08:03:57 WARNING: No data found for (-80.1618,25.7314) using max_dist=0.04.
08:03:57 WARNING: No data found for (-81.105,24.7117) using max_dist=0.04.
08:03:57 WARNING: No data found for (-81.8079,24.5557) using max_dist=0.04.
08:03:57 WARNING: No data found for (-81.8075,26.1317) using max_dist=0.04.
08:03:57 WARNING: No data found for (-81.8712,26.6477) using max_dist=0.04.
08:03:57 WARNING: No data found for (-82.5621,27.6387) using max_dist=0.04.
08:03:57 WARNING: No data found for (-82.425,27.9133) using max_dist=0.04.
08:03:57 WARNING: No data found for (-83.0317,29.135) using max_dist=0.04.
08:03:57 WARNING: No data found for (-84.9817,29.7267) using max_dist=0.04.
08:03:57 WARNING: No data found for (-85.6669,30.1523) using max_dist=0.04.
08:03:57 WARNING: No data found for (-87.2112,30.4044) using max_dist=0.04.
08:03:57 INFO: 00:00:04
08:03:57 INFO: [BTMPB]: http://oos.soest.hawaii.edu/thredds/dodsC/hioos/tide_pac
08:03:57 INFO: 
[Reading url 6/14]: http://oos.soest.hawaii.edu/thredds/dodsC/pacioos/hycom/global
08:04:13 INFO: *******Downloading to file 2014-09-20/2014-09-20-HYCOM.nc*******
08:04:16 INFO: [Found Land] Duck, NC
08:04:18 INFO: [Found Water] Oregon Inlet Marina, NC
08:04:20 INFO: [Found Water] Wrightsville Beach, NC
08:04:20 WARNING: No data found for (-78.9183,33.655) using max_dist=0.04.
08:04:24 INFO: [Found Land] Oyster Landing (N Inlet Estuary), SC
08:04:26 INFO: [Found Land] Charleston, SC
08:04:29 INFO: [Found Land] Fort Pulaski, GA
08:04:31 INFO: [Found Land] Fernandina Beach, FL
08:04:34 INFO: [Found Land] Mayport (Bar Pilots Dock), FL
08:04:36 INFO: [Found Land] Dames Point, FL
08:04:41 INFO: [Found Land] Southbank Riverwalk, St Johns River, FL
08:04:43 INFO: [Found Land] I-295 Bridge, St Johns River, FL
08:04:46 INFO: [Found Land] Red Bay Point, St Johns River, FL
08:04:46 WARNING: No data found for (-81.5483,29.8017) using max_dist=0.04.
08:04:48 INFO: [Found Land] Trident Pier, FL
08:04:50 INFO: [Found Water] Lake Worth Pier, FL
08:04:53 INFO: [Found Land] Virginia Key, FL
08:04:55 INFO: [Found Land] Vaca Key, FL
08:04:58 INFO: [Found Land] Key West, FL
08:04:58 WARNING: No data found for (-81.8075,26.1317) using max_dist=0.04.
08:05:01 INFO: [Found Land] Fort Myers, FL
08:05:03 INFO: [Found Land] Port Manatee, FL
08:05:05 INFO: [Found Land] Mckay Bay Entrance, FL
08:05:08 INFO: [Found Land] Cedar Key, FL
08:05:19 INFO: [Found Land] Apalachicola, FL
08:05:26 INFO: [Found Land] Panama City, FL
08:05:34 INFO: [Found Land] Pensacola, FL
08:05:34 INFO: 00:01:36
08:05:34 INFO: [HYCOM]: http://oos.soest.hawaii.edu/thredds/dodsC/pacioos/hycom/global
08:05:34 INFO: 
[Reading url 7/14]: http://opendap.co-ops.nos.noaa.gov/thredds/dodsC/CBOFS/fmrc/Aggregated_7_day_CBOFS_Fields_Forecast_best.ncd
08:05:47 WARNING: /home/filipe/.virtualenvs/iris/lib/python2.7/site-packages/iris/fileformats/cf.py:1038: UserWarning: Ignoring formula terms variable u'h' referenced by data variable u'Cs_w' via variable u's_w': Dimensions (u'eta_rho', u'xi_rho') do not span (u's_w',)
  warnings.warn(msg)

08:05:47 WARNING: /home/filipe/.virtualenvs/iris/lib/python2.7/site-packages/iris/fileformats/cf.py:1038: UserWarning: Ignoring formula terms variable u'zeta' referenced by data variable u'Cs_w' via variable u's_w': Dimensions (u'time', u'eta_rho', u'xi_rho') do not span (u's_w',)
  warnings.warn(msg)

08:05:47 WARNING: /home/filipe/.virtualenvs/iris/lib/python2.7/site-packages/iris/fileformats/cf.py:1038: UserWarning: Ignoring formula terms variable u'h' referenced by data variable u'Cs_r' via variable u's_rho': Dimensions (u'eta_rho', u'xi_rho') do not span (u's_rho',)
  warnings.warn(msg)

08:05:47 WARNING: /home/filipe/.virtualenvs/iris/lib/python2.7/site-packages/iris/fileformats/cf.py:1038: UserWarning: Ignoring formula terms variable u'zeta' referenced by data variable u'Cs_r' via variable u's_rho': Dimensions (u'time', u'eta_rho', u'xi_rho') do not span (u's_rho',)
  warnings.warn(msg)

08:06:32 WARNING: Cannot get cube for: http://opendap.co-ops.nos.noaa.gov/thredds/dodsC/CBOFS/fmrc/Aggregated_7_day_CBOFS_Fields_Forecast_best.ncd
istart must be different from istop!Got istart 0 and  istop 0
08:06:32 INFO: 00:00:57
08:06:32 INFO: 
[Reading url 8/14]: http://opendap.co-ops.nos.noaa.gov/thredds/dodsC/TBOFS/fmrc/Aggregated_7_day_TBOFS_Fields_Forecast_best.ncd
08:06:54 WARNING: Cannot get cube for: http://opendap.co-ops.nos.noaa.gov/thredds/dodsC/TBOFS/fmrc/Aggregated_7_day_TBOFS_Fields_Forecast_best.ncd
istart must be different from istop!Got istart 0 and  istop 0
08:06:54 INFO: 00:00:22
08:06:54 INFO: 
[Reading url 9/14]: http://tds.marine.rutgers.edu/thredds/dodsC/roms/espresso/2013_da/his_Best/ESPRESSO_Real-Time_v2_History_Best_Available_best.ncd
08:07:05 INFO: *****Downloading to file 2014-09-20/2014-09-20-ESPRESSO.nc******
08:07:12 INFO: [Found Land] Duck, NC
08:07:14 INFO: [Found Water] Oregon Inlet Marina, NC
08:07:14 WARNING: No data found for (-77.7867,34.2133) using max_dist=0.04.
08:07:14 WARNING: No data found for (-78.9183,33.655) using max_dist=0.04.
08:07:14 WARNING: No data found for (-79.1867,33.3517) using max_dist=0.04.
08:07:14 WARNING: No data found for (-79.925,32.7817) using max_dist=0.04.
08:07:14 WARNING: No data found for (-80.9017,32.0333) using max_dist=0.04.
08:07:14 WARNING: No data found for (-81.465,30.6717) using max_dist=0.04.
08:07:14 WARNING: No data found for (-81.43,30.3967) using max_dist=0.04.
08:07:14 WARNING: No data found for (-81.5583,30.3867) using max_dist=0.04.
08:07:14 WARNING: No data found for (-81.6583,30.32) using max_dist=0.04.
08:07:14 WARNING: No data found for (-81.6917,30.1917) using max_dist=0.04.
08:07:14 WARNING: No data found for (-81.6283,29.9783) using max_dist=0.04.
08:07:14 WARNING: No data found for (-81.5483,29.8017) using max_dist=0.04.
08:07:14 WARNING: No data found for (-80.5931,28.4158) using max_dist=0.04.
08:07:14 WARNING: No data found for (-80.0333,26.6117) using max_dist=0.04.
08:07:14 WARNING: No data found for (-80.1618,25.7314) using max_dist=0.04.
08:07:14 WARNING: No data found for (-81.105,24.7117) using max_dist=0.04.
08:07:14 WARNING: No data found for (-81.8079,24.5557) using max_dist=0.04.
08:07:14 WARNING: No data found for (-81.8075,26.1317) using max_dist=0.04.
08:07:14 WARNING: No data found for (-81.8712,26.6477) using max_dist=0.04.
08:07:14 WARNING: No data found for (-82.5621,27.6387) using max_dist=0.04.
08:07:14 WARNING: No data found for (-82.425,27.9133) using max_dist=0.04.
08:07:14 WARNING: No data found for (-83.0317,29.135) using max_dist=0.04.
08:07:14 WARNING: No data found for (-84.9817,29.7267) using max_dist=0.04.
08:07:14 WARNING: No data found for (-85.6669,30.1523) using max_dist=0.04.
08:07:14 WARNING: No data found for (-87.2112,30.4044) using max_dist=0.04.
08:07:14 INFO: 00:00:19
08:07:14 INFO: [ESPRESSO]: http://tds.marine.rutgers.edu/thredds/dodsC/roms/espresso/2013_da/his_Best/ESPRESSO_Real-Time_v2_History_Best_Available_best.ncd
08:07:14 INFO: 
[Reading url 10/14]: http://thredds.cdip.ucsd.edu/thredds/dodsC/cdip/archive/029p1/029p1_d19.nc
08:07:22 WARNING: Cannot get cube for: http://thredds.cdip.ucsd.edu/thredds/dodsC/cdip/archive/029p1/029p1_d19.nc
Cube does not contain ['water level', 'sea_surface_height', 'sea_surface_elevation', 'sea_surface_height_above_geoid', 'sea_surface_height_above_sea_level', 'water_surface_height_above_reference_datum', 'sea_surface_height_above_reference_ellipsoid']
08:07:22 INFO: 00:00:07
08:07:22 INFO: 
[Reading url 11/14]: http://thredds.cdip.ucsd.edu/thredds/dodsC/cdip/archive/029p1/029p1_historic.nc
08:08:44 WARNING: Cannot get cube for: http://thredds.cdip.ucsd.edu/thredds/dodsC/cdip/archive/029p1/029p1_historic.nc
Cube does not contain ['water level', 'sea_surface_height', 'sea_surface_elevation', 'sea_surface_height_above_geoid', 'sea_surface_height_above_sea_level', 'water_surface_height_above_reference_datum', 'sea_surface_height_above_reference_ellipsoid']
08:08:44 INFO: 00:01:22
08:08:44 INFO: 
[Reading url 12/14]: http://thredds.cdip.ucsd.edu/thredds/dodsC/cdip/archive/098p1/098p1_historic.nc
08:09:43 WARNING: Cannot get cube for: http://thredds.cdip.ucsd.edu/thredds/dodsC/cdip/archive/098p1/098p1_historic.nc
Cube does not contain ['water level', 'sea_surface_height', 'sea_surface_elevation', 'sea_surface_height_above_geoid', 'sea_surface_height_above_sea_level', 'water_surface_height_above_reference_datum', 'sea_surface_height_above_reference_ellipsoid']
08:09:43 INFO: 00:00:59
08:09:43 INFO: 
[Reading url 13/14]: http://thredds.cdip.ucsd.edu/thredds/dodsC/cdip/archive/191p1/191p1_d12.nc
08:09:51 WARNING: Cannot get cube for: http://thredds.cdip.ucsd.edu/thredds/dodsC/cdip/archive/191p1/191p1_d12.nc
Cube does not contain ['water level', 'sea_surface_height', 'sea_surface_elevation', 'sea_surface_height_above_geoid', 'sea_surface_height_above_sea_level', 'water_surface_height_above_reference_datum', 'sea_surface_height_above_reference_ellipsoid']
08:09:51 INFO: 00:00:07
08:09:51 INFO: 
[Reading url 14/14]: http://www.smast.umassd.edu:8080/thredds/dodsC/FVCOM/NECOFS/Forecasts/NECOFS_GOM3_FORECAST.nc
08:09:51 WARNING: NECOFS cartesian coordinates are not implemented!
08:09:51 INFO: 00:00:00
08:10:02 WARNING: -c:26: SettingWithCopyWarning: A value is trying to be set on a copy of a slice from a DataFrame

08:10:27 INFO: 1012.12715793
08:10:27 INFO: EOF
