10:06:34 INFO: Run date: 2014-08-19 01:06:34
10:06:34 INFO: Download start: 2014-06-30 12:00:00
10:06:34 INFO: Download stop: 2014-07-07 12:00:00
10:06:34 INFO: Bounding box: -87.40, 24.25,-74.70, 36.70
10:06:41 INFO: CSW version: 2.0.2
10:06:41 INFO: Number of datasets available: 30
10:06:41 INFO: CSW: ROMS/TOMS 3.0 - New Floria Shelf Application
10:06:41 INFO: CSW: ROMS/TOMS 3.0 - South-Atlantic Bight and Gulf of Mexico
10:06:41 INFO: CSW: USEAST
10:06:41 INFO: CSW: COAWST Forecast System : USGS : US East Coast and Gulf of Mexico (Experimental)
10:06:41 INFO: CSW: Directional wave and sea surface temperature measurements collected in situ by Datawell Mark 3 directional buoy located near MONTEREY CANYON OUTER, CA from 2013/07/11 17:00:00 to 2014/07/01 20:59:59.
10:06:41 INFO: CSW: Directional wave and sea surface temperature measurements collected in situ by Datawell Mark 3 directional buoy located near MONTEREY BAY WEST, CA from 2013/06/19 18:00:00 to 2014/07/01 14:59:59.
10:06:41 INFO: CSW: Directional wave and sea surface temperature measurements collected in situ by Datawell Mark 3 directional buoy located near SAN FRANCISCO BAR, CA from 2013/06/19 22:00:00 to 2014/07/24 14:59:59.
10:06:41 INFO: CSW: Directional wave and sea surface temperature measurements collected in situ by Datawell Mark 3 directional buoy located near HUMBOLDT BAY NORTH SPIT, CA from 2013/08/26 19:00:00 to 2014/07/24 03:59:59.
10:06:41 INFO: CSW: Directional wave and sea surface temperature measurements collected in situ by Datawell Waverider buoys located near SAN FRANCISCO BAR, CA from 2007/07/25 to 2014/07/24.
10:06:41 INFO: CSW: Directional wave and sea surface temperature measurements collected in situ by Datawell Mark 3 directional buoy located near SANTA CRUZ BASIN, CA from 2013/07/09 15:00:00 to 2014/07/14 16:59:59.
10:06:41 INFO: CSW: Directional wave and sea surface temperature measurements collected in situ by Datawell Mark 3 directional buoy located near CAMP PENDLETON NEARSHORE, CA from 2014/04/24 22:00:00 to 2014/06/06 16:59:59.
10:06:41 INFO: CSW: Directional wave and sea surface temperature measurements collected in situ by Datawell Mark 3 directional buoy located near SAN NICOLAS ISLAND, CA from 2013/04/19 17:00:00 to 2014/06/08 21:59:59.
10:06:41 INFO: CSW: Directional wave and sea surface temperature measurements collected in situ by Datawell Mark 3 directional buoy located near TORREY PINES OUTER, CA from 2014/06/10 21:00:00 to 2014/06/12 15:59:59.
10:06:41 INFO: CSW: Directional wave and sea surface temperature measurements collected in situ by Datawell Mark 3 directional buoy located near MISSION BAY OFFSHORE, CA from 2014/04/28 21:00:00 to 2014/06/24 09:59:59.
10:06:41 INFO: CSW: Directional wave and sea surface temperature measurements collected in situ by Datawell Waverider buoys located near TORREY PINES OUTER, CA from 2001/01/30 to 2014/06/06.
10:06:41 INFO: CSW: ROMS ESPRESSO Real-Time Operational IS4DVAR Forecast System Version 2 (NEW) 2013-present FMRC History (Best)
10:06:41 INFO: CSW: Barotropic Tide Model for the Pacific Basin
10:06:41 INFO: CSW: Directional wave and sea surface temperature measurements collected in situ by Datawell Waverider buoys located near SAN NICOLAS ISLAND, CA from 1991/09/10 to 2014/06/08.
10:06:41 INFO: CSW: NDBC Standard Meteorological Buoy Data
10:06:41 INFO: CSW: HYbrid Coordinate Ocean Model (HYCOM): Global
10:06:41 INFO: CSW: Aquarius Level 3 Sea Surface Salinity Standard Mapped Image Daily Data V3.0
10:06:41 INFO: CSW: Aquarius Level 3 Sea Surface Salinity Standard Mapped Image Monthly Data V3.0
10:06:41 INFO: CSW: Aquarius Level 3 Sea Surface Salinity Standard Mapped Image Weekly Data V3.0
10:06:41 INFO: CSW: Aquarius Level 3 Wind Speed Standard Mapped Image Daily Data V3.0
10:06:41 INFO: CSW: Aquarius Level 3 Wind Speed Standard Mapped Image Monthly Data V3.0
10:06:41 INFO: CSW: Aquarius Level 3 Wind Speed Standard Mapped Image Weely Data V3.0
10:06:41 INFO: CSW: ESTOFS Storm Surge Model - Atlantic - v1.0.0 - NOAA - NCEP - ADCIRC
10:06:41 INFO: CSW: NECOFS GOM3 Wave - Northeast US - Latest Forecast
10:06:41 INFO: CSW: Directional wave and sea surface temperature measurements collected in situ by Datawell Waverider buoys located near NEW RIVER INLET, NC from 2012/04/14 to 2014/07/09.
10:06:41 INFO: CSW: Directional wave and sea surface temperature measurements collected in situ by Datawell Mark 3 directional buoy located near NEW RIVER INLET, NC from 2014/03/09 19:00:00 to 2014/07/09 23:59:59.
10:06:41 INFO: DAP: http://crow.marine.usf.edu:8080/thredds/dodsC/WFS_ROMS_NF_model/USF_Ocean_Circulation_Group_West_Florida_Shelf_Daily_ROMS_Nowcast_Forecast_Model_Data_best.ncd.html
10:06:41 INFO: DAP: http://omgsrv1.meas.ncsu.edu:8080/thredds/dodsC/fmrc/sabgom/SABGOM_Forecast_Model_Run_Collection_best.ncd.html
10:06:41 INFO: DAP: http://omgsrv1.meas.ncsu.edu:8080/thredds/dodsC/fmrc/us_east/US_East_Forecast_Model_Run_Collection_best.ncd.html
10:06:41 INFO: DAP: http://geoport.whoi.edu/thredds/dodsC/coawst_4/use/fmrc/coawst_4_use_best.ncd.html
10:06:41 INFO: DAP: http://thredds.cdip.ucsd.edu/thredds/dodsC/cdip/archive/156p1/156p1_d07.nc.html
10:06:41 INFO: DAP: http://thredds.cdip.ucsd.edu/thredds/dodsC/cdip/archive/185p1/185p1_d02.nc.html
10:06:41 INFO: DAP: http://thredds.cdip.ucsd.edu/thredds/dodsC/cdip/archive/142p1/142p1_d14.nc.html
10:06:41 INFO: DAP: http://thredds.cdip.ucsd.edu/thredds/dodsC/cdip/archive/168p1/168p1_d05.nc.html
10:06:41 INFO: DAP: http://thredds.cdip.ucsd.edu/thredds/dodsC/cdip/archive/142p1/142p1_historic.nc.html
10:06:41 INFO: DAP: http://thredds.cdip.ucsd.edu/thredds/dodsC/cdip/archive/203p1/203p1_d01.nc.html
10:06:41 INFO: DAP: http://thredds.cdip.ucsd.edu/thredds/dodsC/cdip/archive/043p1/043p1_d16.nc.html
10:06:41 INFO: DAP: http://thredds.cdip.ucsd.edu/thredds/dodsC/cdip/archive/067p1/067p1_d22.nc.html
10:06:41 INFO: DAP: http://thredds.cdip.ucsd.edu/thredds/dodsC/cdip/archive/100p1/100p1_d13.nc.html
10:06:41 INFO: DAP: http://thredds.cdip.ucsd.edu/thredds/dodsC/cdip/archive/093p1/093p1_d40.nc.html
10:06:41 INFO: DAP: http://thredds.cdip.ucsd.edu/thredds/dodsC/cdip/archive/100p1/100p1_historic.nc.html
10:06:41 INFO: DAP: http://tds.marine.rutgers.edu/thredds/dodsC/roms/espresso/2013_da/his_Best/ESPRESSO_Real-Time_v2_History_Best_Available_best.ncd.html
10:06:41 INFO: DAP: http://oos.soest.hawaii.edu/thredds/dodsC/hioos/tide_pac.html
10:06:41 INFO: DAP: http://thredds.cdip.ucsd.edu/thredds/dodsC/cdip/archive/067p1/067p1_historic.nc.html
10:06:41 INFO: DAP: http://oos.soest.hawaii.edu/thredds/dodsC/pacioos/hycom/global.html
10:06:41 INFO: DAP: http://thredds.axiomalaska.com/thredds/dodsC/Aquarius_V3_SSS_Daily.nc.html
10:06:41 INFO: DAP: http://thredds.axiomalaska.com/thredds/dodsC/Aquarius_V3_SSS_Monthly.nc.html
10:06:41 INFO: DAP: http://thredds.axiomalaska.com/thredds/dodsC/Aquarius_V3_SSS_Weekly.nc.html
10:06:41 INFO: DAP: http://thredds.axiomalaska.com/thredds/dodsC/Aquarius_V3_scat_wind_speed_Daily.nc.html
10:06:41 INFO: DAP: http://thredds.axiomalaska.com/thredds/dodsC/Aquarius_V3_scat_wind_speed_Monthly.nc.html
10:06:41 INFO: DAP: http://thredds.axiomalaska.com/thredds/dodsC/Aquarius_V3_scat_wind_speed_Weekly.nc.html
10:06:41 INFO: DAP: http://geoport-dev.whoi.edu/thredds/dodsC/estofs/atlantic.html
10:06:41 INFO: DAP: http://www.smast.umassd.edu:8080/thredds/dodsC/FVCOM/NECOFS/Forecasts/NECOFS_WAVE_FORECAST.nc.html
10:06:41 INFO: DAP: http://thredds.cdip.ucsd.edu/thredds/dodsC/cdip/archive/190p1/190p1_historic.nc.html
10:06:41 INFO: DAP: http://thredds.cdip.ucsd.edu/thredds/dodsC/cdip/archive/190p1/190p1_d02.nc.html
10:06:41 INFO: SOS: http://thredds.cdip.ucsd.edu/thredds/sos/cdip/archive/156p1/156p1_d07.nc?service=SOS&version=1.0.0&request=GetCapabilities
10:06:41 INFO: SOS: http://thredds.cdip.ucsd.edu/thredds/sos/cdip/archive/185p1/185p1_d02.nc?service=SOS&version=1.0.0&request=GetCapabilities
10:06:41 INFO: SOS: http://thredds.cdip.ucsd.edu/thredds/sos/cdip/archive/142p1/142p1_d14.nc?service=SOS&version=1.0.0&request=GetCapabilities
10:06:41 INFO: SOS: http://thredds.cdip.ucsd.edu/thredds/sos/cdip/archive/168p1/168p1_d05.nc?service=SOS&version=1.0.0&request=GetCapabilities
10:06:41 INFO: SOS: http://thredds.cdip.ucsd.edu/thredds/sos/cdip/archive/142p1/142p1_historic.nc?service=SOS&version=1.0.0&request=GetCapabilities
10:06:41 INFO: SOS: http://thredds.cdip.ucsd.edu/thredds/sos/cdip/archive/203p1/203p1_d01.nc?service=SOS&version=1.0.0&request=GetCapabilities
10:06:41 INFO: SOS: http://thredds.cdip.ucsd.edu/thredds/sos/cdip/archive/043p1/043p1_d16.nc?service=SOS&version=1.0.0&request=GetCapabilities
10:06:41 INFO: SOS: http://thredds.cdip.ucsd.edu/thredds/sos/cdip/archive/067p1/067p1_d22.nc?service=SOS&version=1.0.0&request=GetCapabilities
10:06:41 INFO: SOS: http://thredds.cdip.ucsd.edu/thredds/sos/cdip/archive/100p1/100p1_d13.nc?service=SOS&version=1.0.0&request=GetCapabilities
10:06:41 INFO: SOS: http://thredds.cdip.ucsd.edu/thredds/sos/cdip/archive/093p1/093p1_d40.nc?service=SOS&version=1.0.0&request=GetCapabilities
10:06:41 INFO: SOS: http://thredds.cdip.ucsd.edu/thredds/sos/cdip/archive/100p1/100p1_historic.nc?service=SOS&version=1.0.0&request=GetCapabilities
10:06:41 INFO: SOS: http://thredds.cdip.ucsd.edu/thredds/sos/cdip/archive/067p1/067p1_historic.nc?service=SOS&version=1.0.0&request=GetCapabilities
10:06:41 INFO: SOS: http://thredds.cdip.ucsd.edu/thredds/sos/cdip/archive/190p1/190p1_historic.nc?service=SOS&version=1.0.0&request=GetCapabilities
10:06:41 INFO: SOS: http://thredds.cdip.ucsd.edu/thredds/sos/cdip/archive/190p1/190p1_d02.nc?service=SOS&version=1.0.0&request=GetCapabilities
10:06:46 INFO: NOAA.NOS.CO-OPS SOS: 1023 offerings
10:06:46 INFO: Starting new HTTP connection (1): opendap.co-ops.nos.noaa.gov
10:06:49 INFO: sos_request
10:07:02 INFO: Downloading observation to file 2014-07-07/2014-07-07-OBS_DATA.nc.
10:07:06 WARNING: [8654467] USCG Station Hatteras, NC:
'Wrong Datum for this station: The correct Datum values are: MHHW, MHW, MTL, MSL, MLW, MLLW, STND'
10:07:08 WARNING: [8656483] Beaufort, NC:
'Wrong Datum for this station: The correct Datum values are: MHHW, MHW, MTL, MSL, MLW, MLLW, STND'
10:07:09 WARNING: [8658120] Wilmington, NC:
'Wrong Datum for this station: The correct Datum values are: MHHW, MHW, MTL, MSL, MLW, MLLW, STND'
10:07:53 WARNING: [8726520] St Petersburg, FL:
'Wrong Datum for this station: The correct Datum values are: MHHW, MHW, MTL, MSL, MLW, MLLW, STND'
10:07:54 WARNING: [8726607] Old Port Tampa, FL:
'Wrong Datum for this station: The correct Datum values are: MHHW, MHW, MTL, MSL, MLW, MLLW, STND'
10:08:02 WARNING: [8729210] Panama City Beach, FL:
'Wrong Datum for this station: The correct Datum values are: MHHW, MHW, MTL, MSL, MLW, MLLW, STND'
10:08:41 WARNING: /home/filipe/.virtualenvs/iris/lib/python2.7/site-packages/iris/fileformats/cf.py:1038: UserWarning: Ignoring formula terms variable u'h' referenced by data variable u'v' via variable u's_rho': Dimensions (u'eta_rho', u'xi_rho') do not span (u'time', u's_rho', u'eta_v', u'xi_v')
  warnings.warn(msg)

10:08:41 WARNING: /home/filipe/.virtualenvs/iris/lib/python2.7/site-packages/iris/fileformats/cf.py:1038: UserWarning: Ignoring formula terms variable u'zeta' referenced by data variable u'v' via variable u's_rho': Dimensions (u'time', u'eta_rho', u'xi_rho') do not span (u'time', u's_rho', u'eta_v', u'xi_v')
  warnings.warn(msg)

10:08:41 WARNING: /home/filipe/.virtualenvs/iris/lib/python2.7/site-packages/iris/fileformats/cf.py:1038: UserWarning: Ignoring formula terms variable u'h' referenced by data variable u'u' via variable u's_rho': Dimensions (u'eta_rho', u'xi_rho') do not span (u'time', u's_rho', u'eta_u', u'xi_u')
  warnings.warn(msg)

10:08:41 WARNING: /home/filipe/.virtualenvs/iris/lib/python2.7/site-packages/iris/fileformats/cf.py:1038: UserWarning: Ignoring formula terms variable u'zeta' referenced by data variable u'u' via variable u's_rho': Dimensions (u'time', u'eta_rho', u'xi_rho') do not span (u'time', u's_rho', u'eta_u', u'xi_u')
  warnings.warn(msg)

10:08:41 WARNING: /home/filipe/.virtualenvs/iris/lib/python2.7/site-packages/iris/fileformats/_pyke_rules/compiled_krb/fc_rules_cf_fc.py:1290: UserWarning: Gracefully filling 'time' dimension coordinate masked points
  warnings.warn(msg.format(str(cf_coord_var.cf_name)))

10:08:41 WARNING: /home/filipe/.virtualenvs/iris/lib/python2.7/site-packages/iris/fileformats/_pyke_rules/compiled_krb/fc_rules_cf_fc.py:1195: UserWarning: Ignoring netCDF variable 'Cs_r' invalid units 'nondimensional'
  warnings.warn(msg.format(msg_name, msg_units))

10:08:41 WARNING: /home/filipe/.virtualenvs/iris/lib/python2.7/site-packages/iris/fileformats/_pyke_rules/compiled_krb/fc_rules_cf_fc.py:1195: UserWarning: Ignoring netCDF variable 's_rho' invalid units 'nondimensional'
  warnings.warn(msg.format(msg_name, msg_units))

10:08:42 WARNING: /home/filipe/.virtualenvs/iris/lib/python2.7/site-packages/iris/fileformats/_pyke_rules/compiled_krb/fc_rules_cf_fc.py:1195: UserWarning: Ignoring netCDF variable 'Cs_w' invalid units 'nondimensional'
  warnings.warn(msg.format(msg_name, msg_units))

10:08:42 WARNING: /home/filipe/.virtualenvs/iris/lib/python2.7/site-packages/iris/fileformats/_pyke_rules/compiled_krb/fc_rules_cf_fc.py:1195: UserWarning: Ignoring netCDF variable 's_w' invalid units 'nondimensional'
  warnings.warn(msg.format(msg_name, msg_units))

10:08:42 WARNING: /home/filipe/.virtualenvs/iris/lib/python2.7/site-packages/iris/fileformats/_pyke_rules/compiled_krb/fc_rules_cf_fc.py:1195: UserWarning: Ignoring netCDF variable 'salt' invalid units 'PSU'
  warnings.warn(msg.format(msg_name, msg_units))

10:08:53 INFO: 
[USF] ROMS/TOMS 3.0 - New Floria Shelf Application:
http://crow.marine.usf.edu:8080/thredds/dodsC/WFS_ROMS_NF_model/USF_Ocean_Circulation_Group_West_Florida_Shelf_Daily_ROMS_Nowcast_Forecast_Model_Data_best.ncd

10:08:53 INFO: Downloading model series to file 2014-07-07/2014-07-07-USF.nc.
10:08:53 WARNING: No data found for (-75.7467,36.1833) using max_dist=0.04.
10:08:53 WARNING: No data found for (-75.5483,35.795) using max_dist=0.04.
10:08:53 WARNING: No data found for (-77.7867,34.2133) using max_dist=0.04.
10:08:53 WARNING: No data found for (-78.9183,33.655) using max_dist=0.04.
10:08:53 WARNING: No data found for (-79.1867,33.3517) using max_dist=0.04.
10:08:53 WARNING: No data found for (-79.925,32.7817) using max_dist=0.04.
10:08:53 WARNING: No data found for (-81.465,30.6717) using max_dist=0.04.
10:08:53 WARNING: No data found for (-81.43,30.3967) using max_dist=0.04.
10:08:53 WARNING: No data found for (-81.5583,30.3867) using max_dist=0.04.
10:08:53 WARNING: No data found for (-81.6583,30.32) using max_dist=0.04.
10:08:53 WARNING: No data found for (-81.6917,30.1917) using max_dist=0.04.
10:08:53 WARNING: No data found for (-81.6283,29.9783) using max_dist=0.04.
10:08:53 WARNING: No data found for (-81.5483,29.8017) using max_dist=0.04.
10:08:53 WARNING: No data found for (-80.5931,28.4158) using max_dist=0.04.
10:08:53 WARNING: No data found for (-80.0333,26.6117) using max_dist=0.04.
10:08:53 WARNING: No data found for (-81.105,24.7117) using max_dist=0.04.
10:08:53 WARNING: No data found for (-81.8079,24.5557) using max_dist=0.04.
10:08:55 INFO: [Found Water] Naples, FL
10:08:58 INFO: [Found Water] Fort Myers, FL
10:09:04 INFO: [Found Water] Port Manatee, FL
10:09:09 INFO: [Found Water] Cedar Key, FL
10:09:13 INFO: [Found Water] Apalachicola, FL
10:09:19 INFO: [Found Water] Panama City, FL
10:09:19 WARNING: No data found for (-87.2112,30.4044) using max_dist=0.04.
10:09:20 WARNING: /home/filipe/.virtualenvs/iris/lib/python2.7/site-packages/iris/fileformats/_pyke_rules/compiled_krb/fc_rules_cf_fc.py:1195: UserWarning: Ignoring netCDF variable 'chlorophyll' invalid units 'milligrams_chlorophyll meter-3'
  warnings.warn(msg.format(msg_name, msg_units))

10:09:20 WARNING: /home/filipe/.virtualenvs/iris/lib/python2.7/site-packages/iris/fileformats/_pyke_rules/compiled_krb/fc_rules_cf_fc.py:1195: UserWarning: Ignoring netCDF variable 'phytoplankton' invalid units 'millimole_nitrogen meter-3'
  warnings.warn(msg.format(msg_name, msg_units))

10:09:20 WARNING: /home/filipe/.virtualenvs/iris/lib/python2.7/site-packages/iris/fileformats/_pyke_rules/compiled_krb/fc_rules_cf_fc.py:1195: UserWarning: Ignoring netCDF variable 'NO3' invalid units 'millimole_N03 meter-3'
  warnings.warn(msg.format(msg_name, msg_units))

10:09:21 WARNING: /home/filipe/.virtualenvs/iris/lib/python2.7/site-packages/iris/fileformats/_pyke_rules/compiled_krb/fc_rules_cf_fc.py:1195: UserWarning: Ignoring netCDF variable 'zooplankton' invalid units 'millimole_nitrogen meter-3'
  warnings.warn(msg.format(msg_name, msg_units))

10:09:21 WARNING: /home/filipe/.virtualenvs/iris/lib/python2.7/site-packages/iris/fileformats/_pyke_rules/compiled_krb/fc_rules_cf_fc.py:1195: UserWarning: Ignoring netCDF variable 'NH4' invalid units 'millimole_NH4 meter-3'
  warnings.warn(msg.format(msg_name, msg_units))

10:09:34 INFO: 
[SABGOM] ROMS/TOMS 3.0 - South-Atlantic Bight and Gulf of Mexico:
http://omgsrv1.meas.ncsu.edu:8080/thredds/dodsC/fmrc/sabgom/SABGOM_Forecast_Model_Run_Collection_best.ncd

10:09:34 INFO: Downloading model series to file 2014-07-07/2014-07-07-SABGOM.nc.
10:09:39 INFO: [Found Water] Duck, NC
10:09:41 INFO: [Found Land] Oregon Inlet Marina, NC
10:09:44 INFO: [Found Water] Wrightsville Beach, NC
10:09:46 INFO: [Found Water] Springmaid Pier, SC
10:09:48 INFO: [Found Land] Oyster Landing (N Inlet Estuary), SC
10:09:50 INFO: [Found Land] Charleston, SC
10:09:52 INFO: [Found Land] Fernandina Beach, FL
10:09:55 INFO: [Found Land] Mayport (Bar Pilots Dock), FL
10:09:57 INFO: [Found Land] Dames Point, FL
10:09:59 INFO: [Found Land] Southbank Riverwalk, St Johns River, FL
10:10:01 INFO: [Found Land] I-295 Bridge, St Johns River, FL
10:10:03 INFO: [Found Land] Red Bay Point, St Johns River, FL
10:10:05 INFO: [Found Land] Racy Point, St Johns River, FL
10:10:09 INFO: [Found Land] Trident Pier, FL
10:10:14 INFO: [Found Land] Lake Worth Pier, FL
10:10:18 INFO: [Found Land] Vaca Key, FL
10:10:20 INFO: [Found Water] Key West, FL
10:10:22 INFO: [Found Land] Naples, FL
10:10:24 INFO: [Found Land] Fort Myers, FL
10:10:28 INFO: [Found Land] Port Manatee, FL
10:10:30 INFO: [Found Water] Cedar Key, FL
10:10:32 INFO: [Found Land] Apalachicola, FL
10:10:34 INFO: [Found Land] Panama City, FL
10:10:36 INFO: [Found Land] Pensacola, FL
10:10:48 WARNING: Cannot get cube for: http://omgsrv1.meas.ncsu.edu:8080/thredds/dodsC/fmrc/us_east/US_East_Forecast_Model_Run_Collection_best.ncd

10:11:12 INFO: 
[COAWST_4] COAWST Forecast System : USGS : US East Coast and Gulf of Mexico (Experimental):
http://geoport.whoi.edu/thredds/dodsC/coawst_4/use/fmrc/coawst_4_use_best.ncd

10:11:12 INFO: Downloading model series to file 2014-07-07/2014-07-07-COAWST_4.nc.
10:11:17 INFO: [Found Land] Duck, NC
10:11:26 INFO: [Found Water] Oregon Inlet Marina, NC
10:11:30 INFO: [Found Water] Wrightsville Beach, NC
10:11:39 INFO: [Found Water] Springmaid Pier, SC
10:11:43 INFO: [Found Land] Oyster Landing (N Inlet Estuary), SC
10:11:47 INFO: [Found Land] Charleston, SC
10:11:52 INFO: [Found Land] Fernandina Beach, FL
10:11:56 INFO: [Found Land] Mayport (Bar Pilots Dock), FL
10:12:00 INFO: [Found Land] Dames Point, FL
10:12:04 INFO: [Found Land] Southbank Riverwalk, St Johns River, FL
10:12:08 INFO: [Found Land] I-295 Bridge, St Johns River, FL
10:12:12 INFO: [Found Land] Red Bay Point, St Johns River, FL
10:12:16 INFO: [Found Land] Racy Point, St Johns River, FL
10:12:21 INFO: [Found Land] Trident Pier, FL
10:12:29 INFO: [Found Water] Lake Worth Pier, FL
10:12:34 INFO: [Found Land] Vaca Key, FL
10:12:43 INFO: [Found Water] Key West, FL
10:12:49 INFO: [Found Land] Naples, FL
10:12:53 INFO: [Found Land] Fort Myers, FL
10:12:58 INFO: [Found Land] Port Manatee, FL
10:13:07 INFO: [Found Water] Cedar Key, FL
10:13:11 INFO: [Found Water] Apalachicola, FL
10:13:15 INFO: [Found Water] Panama City, FL
10:13:20 INFO: [Found Water] Pensacola, FL
10:13:22 WARNING: Cannot get cube for: http://thredds.cdip.ucsd.edu/thredds/dodsC/cdip/archive/156p1/156p1_d07.nc
no cubes found
10:13:29 WARNING: Cannot get cube for: http://thredds.cdip.ucsd.edu/thredds/dodsC/cdip/archive/185p1/185p1_d02.nc
no cubes found
10:13:37 WARNING: Cannot get cube for: http://thredds.cdip.ucsd.edu/thredds/dodsC/cdip/archive/142p1/142p1_d14.nc
no cubes found
10:13:43 WARNING: Cannot get cube for: http://thredds.cdip.ucsd.edu/thredds/dodsC/cdip/archive/168p1/168p1_d05.nc
no cubes found
10:13:49 WARNING: Cannot get cube for: http://thredds.cdip.ucsd.edu/thredds/dodsC/cdip/archive/142p1/142p1_historic.nc
no cubes found
10:13:51 WARNING: Cannot get cube for: http://thredds.cdip.ucsd.edu/thredds/dodsC/cdip/archive/203p1/203p1_d01.nc
no cubes found
10:13:53 WARNING: Cannot get cube for: http://thredds.cdip.ucsd.edu/thredds/dodsC/cdip/archive/043p1/043p1_d16.nc
no cubes found
10:13:55 WARNING: Cannot get cube for: http://thredds.cdip.ucsd.edu/thredds/dodsC/cdip/archive/067p1/067p1_d22.nc
no cubes found
10:13:57 WARNING: Cannot get cube for: http://thredds.cdip.ucsd.edu/thredds/dodsC/cdip/archive/100p1/100p1_d13.nc
no cubes found
10:13:59 WARNING: Cannot get cube for: http://thredds.cdip.ucsd.edu/thredds/dodsC/cdip/archive/093p1/093p1_d40.nc
no cubes found
10:14:21 WARNING: Cannot get cube for: http://thredds.cdip.ucsd.edu/thredds/dodsC/cdip/archive/100p1/100p1_historic.nc
no cubes found
10:14:31 INFO: 
[ESPRESSO] ROMS ESPRESSO Real-Time Operational IS4DVAR Forecast System Version 2 (NEW) 2013-present FMRC History (Best):
http://tds.marine.rutgers.edu/thredds/dodsC/roms/espresso/2013_da/his_Best/ESPRESSO_Real-Time_v2_History_Best_Available_best.ncd

10:14:31 INFO: Downloading model series to file 2014-07-07/2014-07-07-ESPRESSO.nc.
10:14:33 INFO: [Found Land] Duck, NC
10:14:35 INFO: [Found Water] Oregon Inlet Marina, NC
10:14:35 WARNING: No data found for (-77.7867,34.2133) using max_dist=0.04.
10:14:35 WARNING: No data found for (-78.9183,33.655) using max_dist=0.04.
10:14:35 WARNING: No data found for (-79.1867,33.3517) using max_dist=0.04.
10:14:35 WARNING: No data found for (-79.925,32.7817) using max_dist=0.04.
10:14:35 WARNING: No data found for (-81.465,30.6717) using max_dist=0.04.
10:14:35 WARNING: No data found for (-81.43,30.3967) using max_dist=0.04.
10:14:35 WARNING: No data found for (-81.5583,30.3867) using max_dist=0.04.
10:14:35 WARNING: No data found for (-81.6583,30.32) using max_dist=0.04.
10:14:35 WARNING: No data found for (-81.6917,30.1917) using max_dist=0.04.
10:14:35 WARNING: No data found for (-81.6283,29.9783) using max_dist=0.04.
10:14:35 WARNING: No data found for (-81.5483,29.8017) using max_dist=0.04.
10:14:35 WARNING: No data found for (-80.5931,28.4158) using max_dist=0.04.
10:14:35 WARNING: No data found for (-80.0333,26.6117) using max_dist=0.04.
10:14:35 WARNING: No data found for (-81.105,24.7117) using max_dist=0.04.
10:14:35 WARNING: No data found for (-81.8079,24.5557) using max_dist=0.04.
10:14:35 WARNING: No data found for (-81.8075,26.1317) using max_dist=0.04.
10:14:35 WARNING: No data found for (-81.8712,26.6477) using max_dist=0.04.
10:14:35 WARNING: No data found for (-82.5621,27.6387) using max_dist=0.04.
10:14:35 WARNING: No data found for (-83.0317,29.135) using max_dist=0.04.
10:14:35 WARNING: No data found for (-84.9817,29.7267) using max_dist=0.04.
10:14:36 WARNING: No data found for (-85.6669,30.1523) using max_dist=0.04.
10:14:36 WARNING: No data found for (-87.2112,30.4044) using max_dist=0.04.
10:14:39 INFO: 
[BTMPB] Barotropic Tide Model for the Pacific Basin:
http://oos.soest.hawaii.edu/thredds/dodsC/hioos/tide_pac

10:14:39 INFO: Downloading model series to file 2014-07-07/2014-07-07-BTMPB.nc.
10:14:39 WARNING: No data found for (-75.7467,36.1833) using max_dist=0.04.
10:14:39 WARNING: No data found for (-75.5483,35.795) using max_dist=0.04.
10:14:39 WARNING: No data found for (-77.7867,34.2133) using max_dist=0.04.
10:14:39 WARNING: No data found for (-78.9183,33.655) using max_dist=0.04.
10:14:39 WARNING: No data found for (-79.1867,33.3517) using max_dist=0.04.
10:14:39 WARNING: No data found for (-79.925,32.7817) using max_dist=0.04.
10:14:39 WARNING: No data found for (-81.465,30.6717) using max_dist=0.04.
10:14:39 WARNING: No data found for (-81.43,30.3967) using max_dist=0.04.
10:14:39 WARNING: No data found for (-81.5583,30.3867) using max_dist=0.04.
10:14:39 WARNING: No data found for (-81.6583,30.32) using max_dist=0.04.
10:14:39 WARNING: No data found for (-81.6917,30.1917) using max_dist=0.04.
10:14:39 WARNING: No data found for (-81.6283,29.9783) using max_dist=0.04.
10:14:39 WARNING: No data found for (-81.5483,29.8017) using max_dist=0.04.
10:14:39 WARNING: No data found for (-80.5931,28.4158) using max_dist=0.04.
10:14:39 WARNING: No data found for (-80.0333,26.6117) using max_dist=0.04.
10:14:39 WARNING: No data found for (-81.105,24.7117) using max_dist=0.04.
10:14:39 WARNING: No data found for (-81.8079,24.5557) using max_dist=0.04.
10:14:39 WARNING: No data found for (-81.8075,26.1317) using max_dist=0.04.
10:14:39 WARNING: No data found for (-81.8712,26.6477) using max_dist=0.04.
10:14:39 WARNING: No data found for (-82.5621,27.6387) using max_dist=0.04.
10:14:39 WARNING: No data found for (-83.0317,29.135) using max_dist=0.04.
10:14:39 WARNING: No data found for (-84.9817,29.7267) using max_dist=0.04.
10:14:39 WARNING: No data found for (-85.6669,30.1523) using max_dist=0.04.
10:14:39 WARNING: No data found for (-87.2112,30.4044) using max_dist=0.04.
10:14:43 WARNING: /home/filipe/.virtualenvs/iris/lib/python2.7/site-packages/iris/fileformats/_pyke_rules/compiled_krb/fc_rules_cf_fc.py:1358: UserWarning: Failed to create 'waveTime' dimension coordinate: The points array must be strictly monotonic.
Gracefully creating 'waveTime' auxiliary coordinate instead.
  error=e_msg))

10:14:46 WARNING: /home/filipe/.virtualenvs/iris/lib/python2.7/site-packages/iris/fileformats/_pyke_rules/compiled_krb/fc_rules_cf_fc.py:1358: UserWarning: Failed to create 'sstTime' dimension coordinate: The points array must be strictly monotonic.
Gracefully creating 'sstTime' auxiliary coordinate instead.
  error=e_msg))

10:14:47 WARNING: /home/filipe/.virtualenvs/iris/lib/python2.7/site-packages/iris/fileformats/_pyke_rules/compiled_krb/fc_rules_cf_fc.py:1358: UserWarning: Failed to create 'dwrTime' dimension coordinate: The points array must be strictly monotonic.
Gracefully creating 'dwrTime' auxiliary coordinate instead.
  error=e_msg))

10:14:48 WARNING: Cannot get cube for: http://thredds.cdip.ucsd.edu/thredds/dodsC/cdip/archive/067p1/067p1_historic.nc
no cubes found
10:14:50 INFO: 
[HYCOM] HYbrid Coordinate Ocean Model (HYCOM): Global:
http://oos.soest.hawaii.edu/thredds/dodsC/pacioos/hycom/global

10:14:50 INFO: Downloading model series to file 2014-07-07/2014-07-07-HYCOM.nc.
10:14:54 INFO: [Found Land] Duck, NC
10:14:57 INFO: [Found Water] Oregon Inlet Marina, NC
10:15:00 INFO: [Found Water] Wrightsville Beach, NC
10:15:00 WARNING: No data found for (-78.9183,33.655) using max_dist=0.04.
10:15:02 INFO: [Found Land] Oyster Landing (N Inlet Estuary), SC
10:15:05 INFO: [Found Land] Charleston, SC
10:15:07 INFO: [Found Land] Fernandina Beach, FL
10:15:10 INFO: [Found Land] Mayport (Bar Pilots Dock), FL
10:15:12 INFO: [Found Land] Dames Point, FL
10:15:15 INFO: [Found Land] Southbank Riverwalk, St Johns River, FL
10:15:18 INFO: [Found Land] I-295 Bridge, St Johns River, FL
10:15:21 INFO: [Found Land] Red Bay Point, St Johns River, FL
10:15:21 WARNING: No data found for (-81.5483,29.8017) using max_dist=0.04.
10:15:23 INFO: [Found Land] Trident Pier, FL
10:15:26 INFO: [Found Water] Lake Worth Pier, FL
10:15:28 INFO: [Found Land] Vaca Key, FL
10:15:31 INFO: [Found Land] Key West, FL
10:15:31 WARNING: No data found for (-81.8075,26.1317) using max_dist=0.04.
10:15:36 INFO: [Found Land] Fort Myers, FL
10:15:39 INFO: [Found Land] Port Manatee, FL
10:15:41 INFO: [Found Land] Cedar Key, FL
10:15:44 INFO: [Found Land] Apalachicola, FL
10:15:46 INFO: [Found Land] Panama City, FL
10:15:49 INFO: [Found Land] Pensacola, FL
10:16:05 WARNING: Cannot get cube for: http://thredds.axiomalaska.com/thredds/dodsC/Aquarius_V3_SSS_Daily.nc
no cubes found
10:16:07 WARNING: Cannot get cube for: http://thredds.axiomalaska.com/thredds/dodsC/Aquarius_V3_SSS_Monthly.nc
no cubes found
10:16:11 WARNING: Cannot get cube for: http://thredds.axiomalaska.com/thredds/dodsC/Aquarius_V3_SSS_Weekly.nc
no cubes found
10:16:33 WARNING: Cannot get cube for: http://thredds.axiomalaska.com/thredds/dodsC/Aquarius_V3_scat_wind_speed_Daily.nc
no cubes found
10:16:35 WARNING: Cannot get cube for: http://thredds.axiomalaska.com/thredds/dodsC/Aquarius_V3_scat_wind_speed_Monthly.nc
no cubes found
10:16:39 WARNING: Cannot get cube for: http://thredds.axiomalaska.com/thredds/dodsC/Aquarius_V3_scat_wind_speed_Weekly.nc
no cubes found
10:16:40 WARNING: /home/filipe/.virtualenvs/iris/lib/python2.7/site-packages/iris/fileformats/_pyke_rules/compiled_krb/fc_rules_cf_fc.py:1195: UserWarning: Ignoring netCDF variable 'nbdv' invalid units 'nondimensional'
  warnings.warn(msg.format(msg_name, msg_units))

10:16:40 WARNING: /home/filipe/.virtualenvs/iris/lib/python2.7/site-packages/iris/fileformats/_pyke_rules/compiled_krb/fc_rules_cf_fc.py:1195: UserWarning: Ignoring netCDF variable 'neta' invalid units 'nondimensional'
  warnings.warn(msg.format(msg_name, msg_units))

10:16:40 WARNING: /home/filipe/.virtualenvs/iris/lib/python2.7/site-packages/iris/fileformats/_pyke_rules/compiled_krb/fc_rules_cf_fc.py:1195: UserWarning: Ignoring netCDF variable 'ibtypee' invalid units 'nondimensional'
  warnings.warn(msg.format(msg_name, msg_units))

10:16:40 WARNING: /home/filipe/.virtualenvs/iris/lib/python2.7/site-packages/iris/fileformats/_pyke_rules/compiled_krb/fc_rules_cf_fc.py:1195: UserWarning: Ignoring netCDF variable 'nvell' invalid units 'nondimensional'
  warnings.warn(msg.format(msg_name, msg_units))

10:16:40 WARNING: /home/filipe/.virtualenvs/iris/lib/python2.7/site-packages/iris/fileformats/_pyke_rules/compiled_krb/fc_rules_cf_fc.py:1195: UserWarning: Ignoring netCDF variable 'ibtype' invalid units 'nondimensional'
  warnings.warn(msg.format(msg_name, msg_units))

10:16:40 WARNING: /home/filipe/.virtualenvs/iris/lib/python2.7/site-packages/iris/fileformats/_pyke_rules/compiled_krb/fc_rules_cf_fc.py:1195: UserWarning: Ignoring netCDF variable 'nbvv' invalid units 'nondimensional'
  warnings.warn(msg.format(msg_name, msg_units))

10:16:40 WARNING: /home/filipe/.virtualenvs/iris/lib/python2.7/site-packages/iris/fileformats/_pyke_rules/compiled_krb/fc_rules_cf_fc.py:1195: UserWarning: Ignoring netCDF variable 'nvel' invalid units 'nondimensional'
  warnings.warn(msg.format(msg_name, msg_units))

10:16:40 WARNING: /home/filipe/.virtualenvs/iris/lib/python2.7/site-packages/iris/fileformats/_pyke_rules/compiled_krb/fc_rules_cf_fc.py:1195: UserWarning: Ignoring netCDF variable 'nvdll' invalid units 'nondimensional'
  warnings.warn(msg.format(msg_name, msg_units))

10:16:48 INFO: 
[ESTOFS] ESTOFS Storm Surge Model - Atlantic - v1.0.0 - NOAA - NCEP - ADCIRC:
http://geoport-dev.whoi.edu/thredds/dodsC/estofs/atlantic

10:16:48 INFO: Downloading model series to file 2014-07-07/2014-07-07-ESTOFS.nc.
10:16:54 INFO: [Found Water] Duck, NC
10:16:57 INFO: [Found Water] Oregon Inlet Marina, NC
10:17:08 INFO: [Found Water] Wrightsville Beach, NC
10:17:20 INFO: [Found Water] Springmaid Pier, SC
10:17:23 INFO: [Found Water] Oyster Landing (N Inlet Estuary), SC
10:17:23 WARNING: No data found for (-79.925,32.7817) using max_dist=0.04.
10:17:25 INFO: [Found Water] Fernandina Beach, FL
10:17:27 INFO: [Found Water] Mayport (Bar Pilots Dock), FL
10:17:27 WARNING: No data found for (-81.5583,30.3867) using max_dist=0.04.
10:17:27 WARNING: No data found for (-81.6583,30.32) using max_dist=0.04.
10:17:27 WARNING: No data found for (-81.6917,30.1917) using max_dist=0.04.
10:17:27 WARNING: No data found for (-81.6283,29.9783) using max_dist=0.04.
10:17:27 WARNING: No data found for (-81.5483,29.8017) using max_dist=0.04.
10:17:34 INFO: [Found Water] Trident Pier, FL
10:17:40 INFO: [Found Water] Lake Worth Pier, FL
10:17:53 INFO: [Found Water] Vaca Key, FL
10:18:03 INFO: [Found Water] Key West, FL
10:18:13 INFO: [Found Water] Naples, FL
10:18:13 WARNING: No data found for (-81.8712,26.6477) using max_dist=0.04.
10:18:29 INFO: [Found Water] Port Manatee, FL
10:18:44 INFO: [Found Water] Cedar Key, FL
10:18:56 INFO: [Found Water] Apalachicola, FL
10:18:56 WARNING: No data found for (-85.6669,30.1523) using max_dist=0.04.
10:18:56 WARNING: No data found for (-87.2112,30.4044) using max_dist=0.04.
10:19:02 WARNING: Cannot get cube for: http://thredds.cdip.ucsd.edu/thredds/dodsC/cdip/archive/190p1/190p1_historic.nc
no cubes found
10:19:04 WARNING: Cannot get cube for: http://thredds.cdip.ucsd.edu/thredds/dodsC/cdip/archive/190p1/190p1_d02.nc
no cubes found
10:19:11 WARNING: -c:17: SettingWithCopyWarning: A value is trying to be set on a copy of a slice from a DataFrame

10:19:30 INFO: 776.336575031
10:19:30 INFO: EOF
